#
# A fatal error has been detected by the Java Runtime Environment:
#
#  SIGSEGV (0xb) at pc=0x00000001075e9425, pid=3215, tid=39171
#
# JRE version: Java(TM) SE Runtime Environment 18.9 (11.0.12+8) (build 11.0.12+8-LTS-237)
# Java VM: Java HotSpot(TM) 64-Bit Server VM 18.9 (11.0.12+8-LTS-237, mixed mode, tiered, compressed oops, g1 gc, bsd-amd64)
# Problematic frame:
# V  [libjvm.dylib+0x2f9425]  _ZN20G1ParScanThreadState9update_rsIjEEvP10HeapRegionPT_P7oopDesc+0x31
#
# No core dump will be written. Core dumps have been disabled. To enable core dumping, try "ulimit -c unlimited" before starting Java again
#
# If you would like to submit a bug report, please visit:
#   https://bugreport.java.com/bugreport/crash.jsp
#

---------------  S U M M A R Y ------------

Command Line: -XX:MaxMetaspaceSize=256m -XX:+HeapDumpOnOutOfMemoryError -agentlib:jdwp=transport=dt_socket,server=n,suspend=y,address=127.0.0.1:52786 --add-opens=java.base/java.util=ALL-UNNAMED --add-opens=java.base/java.lang=ALL-UNNAMED --add-opens=java.base/java.lang.invoke=ALL-UNNAMED --add-opens=java.prefs/java.util.prefs=ALL-UNNAMED -Xms256m -Xmx512m -Dfile.encoding=UTF-8 -Duser.country=CO -Duser.language=es -Duser.variant org.gradle.launcher.daemon.bootstrap.GradleDaemon 6.6.1

Host: MacBookPro15,2 x86_64 2300 MHz, 8 cores, 16G, Darwin 21.1.0
Time: Sun Jan  9 16:37:04 2022 -05 elapsed time: 7.940074 seconds (0d 0h 0m 7s)

---------------  T H R E A D  ---------------

Current thread (0x00007faaf2261800):  GCTaskThread "GC Thread#2" [stack: 0x0000700004123000,0x0000700004223000] [id=39171]

Stack: [0x0000700004123000,0x0000700004223000],  sp=0x0000700004221750,  free space=1017k
Native frames: (J=compiled Java code, A=aot compiled Java code, j=interpreted, Vv=VM code, C=native code)
V  [libjvm.dylib+0x2f9425]  _ZN20G1ParScanThreadState9update_rsIjEEvP10HeapRegionPT_P7oopDesc+0x31
V  [libjvm.dylib+0x3229bd]  _ZN30OopOopIterateBackwardsDispatchI25G1ScanEvacuatedObjClosureE5Table25oop_oop_iterate_backwardsI13InstanceKlassjEEvPS0_P7oopDescP5Klass+0x6d
V  [libjvm.dylib+0x322564]  _ZN20G1ParScanThreadState22copy_to_survivor_spaceE11InCSetStateP7oopDescP11markOopDesc+0x4b4
V  [libjvm.dylib+0x320a79]  _ZN20G1ParScanThreadState18dispatch_referenceE8StarTask+0x14d
V  [libjvm.dylib+0x3208f1]  _ZN20G1ParScanThreadState23trim_queue_to_thresholdEj+0x179
V  [libjvm.dylib+0x332c93]  _ZN16G1ParCopyClosureIL9G1Barrier0EL6G1Mark0EE11do_oop_workIP7oopDescEEvPT_+0x109
V  [libjvm.dylib+0x35fe54]  _ZN10HandleArea7oops_doEP10OopClosure+0x34
V  [libjvm.dylib+0x7421e4]  _ZN6Thread7oops_doEP10OopClosureP15CodeBlobClosure+0x3c
V  [libjvm.dylib+0x745961]  _ZN10JavaThread7oops_doEP10OopClosureP15CodeBlobClosure+0x23
V  [libjvm.dylib+0x746ae2]  _ZN7Threads28possibly_parallel_threads_doEbP13ThreadClosure+0x7a
V  [libjvm.dylib+0x74855a]  _ZN7Threads25possibly_parallel_oops_doEbP10OopClosureP15CodeBlobClosure+0x26
V  [libjvm.dylib+0x334e6b]  _ZN15G1RootProcessor18process_java_rootsEP14G1RootClosuresP14G1GCPhaseTimesj+0xad
V  [libjvm.dylib+0x334c0d]  _ZN15G1RootProcessor14evacuate_rootsEP20G1ParScanThreadStatej+0x95
V  [libjvm.dylib+0x2fa76b]  _ZN9G1ParTask4workEj+0xbd
V  [libjvm.dylib+0x7bdf93]  _ZN10GangWorker4loopEv+0x43
V  [libjvm.dylib+0x7418de]  _ZN6Thread8call_runEv+0x68
V  [libjvm.dylib+0x6468d2]  _ZL19thread_native_entryP6Thread+0x136
C  [libsystem_pthread.dylib+0x6514]  _pthread_start+0x7d
C  [libsystem_pthread.dylib+0x202f]  thread_start+0xf


siginfo: si_signo: 11 (SIGSEGV), si_code: 1 (SEGV_MAPERR), si_addr: 0x00000000000000f8

Register to memory mapping:

RAX=0x0 is NULL
RBX=0x00000007e1b0e300 is pointing into object: java.lang.reflect.Method 
{0x00000007e1b0e2b8} - klass: 'java/lang/reflect/Method'
RCX=0x00007faaf57ca400 points into unknown readable memory: 0x0000000000000000 | 00 00 00 00 00 00 00 00
RDX=0x00007faaf2011800 points into unknown readable memory: 0x0000000107c18110 | 10 81 c1 07 01 00 00 00
RSP=0x0000700004221750 points into unknown readable memory: 0x00000007e1b0e300 | 00 e3 b0 e1 07 00 00 00
RBP=0x0000700004221760 points into unknown readable memory: 0x00007000042217a0 | a0 17 22 04 00 70 00 00
RSI=0x00007faaf3909740 points into unknown readable memory: 0x0000000107c1be28 | 28 be c1 07 01 00 00 00
RDI=0x00007faaf3a32da0 points into unknown readable memory: 0x0000000107c19db0 | b0 9d c1 07 01 00 00 00
R8 =0x000000000000000a is an unknown value
R9 =0x0 is NULL
R10=0x00007faaf3e1da80 points into unknown readable memory: 0x0000080100000800 | 00 08 00 00 01 08 00 00
R11=0xfffffffffbef18c8 is an unknown value
R12=0x00007faaf3a32f10 points into unknown readable memory: 0x0000000107c19dd8 | d8 9d c1 07 01 00 00 00
R13=0x0000000800009648 is pointing into metadata
R14=0x00007faaf3a32da0 points into unknown readable memory: 0x0000000107c19db0 | b0 9d c1 07 01 00 00 00
R15=0x0000000800009638 is pointing into metadata


Registers:
RAX=0x0000000000000000, RBX=0x00000007e1b0e300, RCX=0x00007faaf57ca400, RDX=0x00007faaf2011800
RSP=0x0000700004221750, RBP=0x0000700004221760, RSI=0x00007faaf3909740, RDI=0x00007faaf3a32da0
R8 =0x000000000000000a, R9 =0x0000000000000000, R10=0x00007faaf3e1da80, R11=0xfffffffffbef18c8
R12=0x00007faaf3a32f10, R13=0x0000000800009648, R14=0x00007faaf3a32da0, R15=0x0000000800009638
RIP=0x00000001075e9425, EFLAGS=0x0000000000010202, ERR=0x0000000000000004
  TRAPNO=0x000000000000000e

Top of Stack: (sp=0x0000700004221750)
0x0000700004221750:   00000007e1b0e300 00000007e1b0e2e0
0x0000700004221760:   00007000042217a0 00000001076129bd
0x0000700004221770:   00000007e1b0e2b8 00007faaf3a32da0
0x0000700004221780:   00000007e5c1c9f0 00000007e1b0e2b8
0x0000700004221790:   00007faaf3a32da0 0000000000007e1b
0x00007000042217a0:   0000700004221820 0000000107612564
0x00007000042217b0:   0000000000000001 00007faaf3a32da0
0x00007000042217c0:   000000000000000a 0000000000000001
0x00007000042217d0:   00000001e1091280 000000000000000d
0x00007000042217e0:   000000000000000d 000000000000000b
0x00007000042217f0:   00000007e1091202 00000007e1b0e274
0x0000700004221800:   000000000001ffff 0000700004222c68
0x0000700004221810:   00007faaf3a32da0 0000000107c57098
0x0000700004221820:   0000700004221850 0000000107610a79
0x0000700004221830:   00000000000001da 00007faaf3a32da0
0x0000700004221840:   0000000000000040 00007faaf3a32da0
0x0000700004221850:   00007000042218a0 00000001076108f1
0x0000700004221860:   0000700004221870 00000007e1b0e275
0x0000700004221870:   0000700004221880 0000000107936c73
0x0000700004221880:   00007faaf3a32da0 000000000001ffff
0x0000700004221890:   000000043b2e010c 00000001d8aa20b5
0x00007000042218a0:   00007000042218d0 0000000107622c93
0x00007000042218b0:   00006000016855b8 00006000016855d0
0x00007000042218c0:   0000600003c63240 0000600001ed4168
0x00007000042218d0:   0000700004221910 000000010764fe54
0x00007000042218e0:   0000000107c1a300 0000600001ed4168
0x00007000042218f0:   0000000000000240 0000700004222c68
0x0000700004221900:   00007faaf3084800 00007faaf3084800
0x0000700004221910:   0000700004221930 0000000107a321e4
0x0000700004221920:   00007faaf3084800 0000600001ed4168
0x0000700004221930:   0000700004222c10 0000000107a35961
0x0000700004221940:   0000000000000000 00007000075bbb48 

Instructions: (pc=0x00000001075e9425)
0x00000001075e9405:   89 c8 48 89 d3 49 89 fe 48 8b 57 08 8a 8a c0 02
0x00000001075e9415:   00 00 48 d3 e8 48 8b 8a b0 02 00 00 48 8b 04 c1
0x00000001075e9425:   48 8b 80 f8 00 00 00 83 b8 18 01 00 00 00 74 3e
0x00000001075e9435:   49 8b 7e 50 48 c1 eb 09 48 03 5f 48 48 2b 5f 40 

Stack slot to memory mapping:
stack at sp + 0 slots: 0x00000007e1b0e300 is pointing into object: java.lang.reflect.Method 
{0x00000007e1b0e2b8} - klass: 'java/lang/reflect/Method'
stack at sp + 1 slots: 0x00000007e1b0e2e0 is pointing into object: java.lang.reflect.Method 
{0x00000007e1b0e2b8} - klass: 'java/lang/reflect/Method'
stack at sp + 2 slots: 0x00007000042217a0 points into unknown readable memory: 0x0000700004221820 | 20 18 22 04 00 70 00 00
stack at sp + 3 slots: 0x00000001076129bd: _ZN30OopOopIterateBackwardsDispatchI25G1ScanEvacuatedObjClosureE5Table25oop_oop_iterate_backwardsI13InstanceKlassjEEvPS0_P7oopDescP5Klass+0x6d in /Library/Java/JavaVirtualMachines/jdk-11.0.12.jdk/Contents/Home/lib/server/libjvm.dylib at 0x00000001072f0000
stack at sp + 4 slots: 0x00000007e1b0e2b8 is an oop: java.lang.reflect.Method 
{0x00000007e1b0e2b8} - klass: 'java/lang/reflect/Method'
stack at sp + 5 slots: 0x00007faaf3a32da0 points into unknown readable memory: 0x0000000107c19db0 | b0 9d c1 07 01 00 00 00
stack at sp + 6 slots: 0x00000007e5c1c9f0 is an oop: java.lang.reflect.Method 
{0x00000007e5c1c9f0} - klass: 'java/lang/reflect/Method'
stack at sp + 7 slots: 0x00000007e1b0e2b8 is an oop: java.lang.reflect.Method 
{0x00000007e1b0e2b8} - klass: 'java/lang/reflect/Method'


---------------  P R O C E S S  ---------------

Threads class SMR info:
_java_thread_list=0x0000600002fe2dc0, length=70, elements={
0x00007faaf600f000, 0x00007faaf200e000, 0x00007faaf3015000, 0x00007faaf5829000,
0x00007faaf582c000, 0x00007faaf582d000, 0x00007faaf582e000, 0x00007faaf582f000,
0x00007faaf5883800, 0x00007faaf4894000, 0x00007faaf588e800, 0x00007faaf4897000,
0x00007faaf6009800, 0x00007faaf22c5000, 0x00007faaf50d5800, 0x00007faaf5dc6800,
0x00007faaf23f9000, 0x00007faaf4baa800, 0x00007faaf2268800, 0x00007faaf6266000,
0x00007faaf2b49000, 0x00007faaf5dcc000, 0x00007faaf2b60800, 0x00007faaf23fc000,
0x00007faaf4ce1800, 0x00007faaf2b8a800, 0x00007faaf5dc3800, 0x00007faaf2118800,
0x00007faaf4cd3800, 0x00007faaf29df000, 0x00007faaf27ff800, 0x00007faaf88ce000,
0x00007faaf8d41000, 0x00007faaf9c99000, 0x00007faafab69800, 0x00007faaf242d000,
0x00007faaf9c93800, 0x00007faaf9cb6000, 0x00007faaf9944000, 0x00007faaf8d79000,
0x00007faafab54000, 0x00007faaf4163800, 0x00007faaf8d7c000, 0x00007faafb262000,
0x00007faaf9cb0800, 0x00007faafab6e000, 0x00007faaf9ca2000, 0x00007faaf4350800,
0x00007faaf8d99800, 0x00007faafab80800, 0x00007faaf9ca3000, 0x00007faaf9ca3800,
0x00007faaf9ca4800, 0x00007faaf9ca5800, 0x00007faaf9cbb800, 0x00007faaf421b000,
0x00007faaf9cbc800, 0x00007faafab81000, 0x00007faaf49bb800, 0x00007faaf8d27000,
0x00007faaf531e800, 0x00007faaf3084800, 0x00007faaf359b000, 0x00007faaf659d000,
0x00007faaf8d26000, 0x00007faaf2ef5000, 0x00007faaf5f15000, 0x00007faaf5436800,
0x00007faafb6e2800, 0x00007faafb6eb000
}

Java Threads: ( => current thread )
  0x00007faaf600f000 JavaThread "main" [_thread_blocked, id=9987, stack(0x0000700002ade000,0x0000700002bde000)]
  0x00007faaf200e000 JavaThread "Reference Handler" daemon [_thread_blocked, id=19459, stack(0x00007000031f3000,0x00007000032f3000)]
  0x00007faaf3015000 JavaThread "Finalizer" daemon [_thread_blocked, id=18691, stack(0x00007000032f6000,0x00007000033f6000)]
  0x00007faaf5829000 JavaThread "Signal Dispatcher" daemon [_thread_blocked, id=16899, stack(0x00007000034ff000,0x00007000035ff000)]
  0x00007faaf582c000 JavaThread "Service Thread" daemon [_thread_blocked, id=21763, stack(0x0000700003602000,0x0000700003702000)]
  0x00007faaf582d000 JavaThread "C2 CompilerThread0" daemon [_thread_blocked, id=22275, stack(0x0000700003705000,0x0000700003805000)]
  0x00007faaf582e000 JavaThread "C1 CompilerThread0" daemon [_thread_blocked, id=22787, stack(0x0000700003808000,0x0000700003908000)]
  0x00007faaf582f000 JavaThread "Sweeper thread" daemon [_thread_blocked, id=23555, stack(0x000070000390b000,0x0000700003a0b000)]
  0x00007faaf5883800 JavaThread "Common-Cleaner" daemon [_thread_blocked, id=42499, stack(0x0000700003a0e000,0x0000700003b0e000)]
  0x00007faaf4894000 JavaThread "JDWP Transport Listener: dt_socket" daemon [_thread_blocked, id=41987, stack(0x0000700003b11000,0x0000700003c11000)]
  0x00007faaf588e800 JavaThread "JDWP Event Helper Thread" daemon [_thread_blocked, id=41731, stack(0x0000700003c14000,0x0000700003d14000)]
  0x00007faaf4897000 JavaThread "JDWP Command Reader" daemon [_thread_in_native, id=41219, stack(0x0000700003d17000,0x0000700003e17000)]
  0x00007faaf6009800 JavaThread "C2 CompilerThread1" daemon [_thread_in_native, id=39939, stack(0x0000700003f1d000,0x000070000401d000)]
  0x00007faaf22c5000 JavaThread "Daemon health stats" [_thread_blocked, id=26371, stack(0x000070000452f000,0x000070000462f000)]
  0x00007faaf50d5800 JavaThread "Incoming local TCP Connector on port 52791" [_thread_in_native, id=26883, stack(0x0000700004632000,0x0000700004732000)]
  0x00007faaf5dc6800 JavaThread "Daemon periodic checks" [_thread_blocked, id=37635, stack(0x0000700004735000,0x0000700004835000)]
  0x00007faaf23f9000 JavaThread "Daemon" [_thread_blocked, id=28163, stack(0x0000700004838000,0x0000700004938000)]
  0x00007faaf4baa800 JavaThread "Handler for socket connection from /127.0.0.1:52791 to /127.0.0.1:52792" [_thread_in_native, id=36867, stack(0x000070000493b000,0x0000700004a3b000)]
  0x00007faaf2268800 JavaThread "Cancel handler" [_thread_blocked, id=28419, stack(0x0000700004a3e000,0x0000700004b3e000)]
  0x00007faaf6266000 JavaThread "Daemon worker" [_thread_blocked, id=29187, stack(0x0000700004b41000,0x0000700004c41000)]
  0x00007faaf2b49000 JavaThread "Asynchronous log dispatcher for DefaultDaemonConnection: socket connection from /127.0.0.1:52791 to /127.0.0.1:52792" [_thread_blocked, id=35587, stack(0x0000700004c44000,0x0000700004d44000)]
  0x00007faaf5dcc000 JavaThread "Stdin handler" [_thread_blocked, id=35075, stack(0x0000700004d47000,0x0000700004e47000)]
  0x00007faaf2b60800 JavaThread "Thread-8" [_thread_blocked, id=29699, stack(0x0000700004e4a000,0x0000700004f4a000)]
  0x00007faaf23fc000 JavaThread "Cache worker for file hash cache (/Users/admin/.gradle/caches/6.6.1/fileHashes)" [_thread_blocked, id=29955, stack(0x0000700004f4d000,0x000070000504d000)]
  0x00007faaf4ce1800 JavaThread "File lock request listener" [_thread_in_native, id=30467, stack(0x0000700005050000,0x0000700005150000)]
  0x00007faaf2b8a800 JavaThread "Cache worker for journal cache (/Users/admin/.gradle/caches/journal-1)" [_thread_blocked, id=32259, stack(0x000070000545c000,0x000070000555c000)]
  0x00007faaf5dc3800 JavaThread "Cache worker for file hash cache (/Users/admin/Documents/encuesta/.gradle/6.6.1/fileHashes)" [_thread_blocked, id=32515, stack(0x000070000555f000,0x000070000565f000)]
  0x00007faaf2118800 JavaThread "Cache worker for checksums cache (/Users/admin/Documents/encuesta/.gradle/checksums)" [_thread_blocked, id=87043, stack(0x0000700005662000,0x0000700005762000)]
  0x00007faaf4cd3800 JavaThread "Cache worker for cache directory md-supplier (/Users/admin/.gradle/caches/6.6.1/md-supplier)" [_thread_blocked, id=44035, stack(0x0000700005765000,0x0000700005865000)]
  0x00007faaf29df000 JavaThread "Cache worker for cache directory md-rule (/Users/admin/.gradle/caches/6.6.1/md-rule)" [_thread_blocked, id=44547, stack(0x0000700005868000,0x0000700005968000)]
  0x00007faaf27ff800 JavaThread "Cache worker for execution history cache (/Users/admin/.gradle/caches/6.6.1/executionHistory)" [_thread_blocked, id=85507, stack(0x000070000596b000,0x0000700005a6b000)]
  0x00007faaf88ce000 JavaThread "jar transforms" [_thread_blocked, id=45059, stack(0x0000700005a6e000,0x0000700005b6e000)]
  0x00007faaf8d41000 JavaThread "Cache worker for file content cache (/Users/admin/.gradle/caches/6.6.1/fileContent)" [_thread_blocked, id=84995, stack(0x0000700005b71000,0x0000700005c71000)]
  0x00007faaf9c99000 JavaThread "Cache worker for Build Output Cleanup Cache (/Users/admin/Documents/encuesta/.gradle/buildOutputCleanup)" [_thread_blocked, id=84483, stack(0x0000700005c74000,0x0000700005d74000)]
  0x00007faafab69800 JavaThread "Build operations" [_thread_blocked, id=84227, stack(0x0000700005d77000,0x0000700005e77000)]
  0x00007faaf242d000 JavaThread "Build operations Thread 2" [_thread_blocked, id=83459, stack(0x0000700005e7a000,0x0000700005f7a000)]
  0x00007faaf9c93800 JavaThread "Build operations Thread 3" [_thread_blocked, id=83203, stack(0x0000700005f7d000,0x000070000607d000)]
  0x00007faaf9cb6000 JavaThread "Build operations Thread 4" [_thread_blocked, id=82435, stack(0x0000700006080000,0x0000700006180000)]
  0x00007faaf9944000 JavaThread "Build operations Thread 5" [_thread_blocked, id=47619, stack(0x0000700006183000,0x0000700006283000)]
  0x00007faaf8d79000 JavaThread "Build operations Thread 6" [_thread_blocked, id=48131, stack(0x0000700006286000,0x0000700006386000)]
  0x00007faafab54000 JavaThread "Build operations Thread 7" [_thread_blocked, id=81667, stack(0x0000700006389000,0x0000700006489000)]
  0x00007faaf4163800 JavaThread "Build operations Thread 8" [_thread_blocked, id=48643, stack(0x000070000648c000,0x000070000658c000)]
  0x00007faaf8d7c000 JavaThread "jar transforms Thread 2" [_thread_blocked, id=80387, stack(0x000070000658f000,0x000070000668f000)]
  0x00007faafb262000 JavaThread "jar transforms Thread 3" [_thread_blocked, id=48899, stack(0x0000700006692000,0x0000700006792000)]
  0x00007faaf9cb0800 JavaThread "jar transforms Thread 4" [_thread_blocked, id=49411, stack(0x0000700006795000,0x0000700006895000)]
  0x00007faafab6e000 JavaThread "jar transforms Thread 5" [_thread_blocked, id=50179, stack(0x0000700006898000,0x0000700006998000)]
  0x00007faaf9ca2000 JavaThread "jar transforms Thread 6" [_thread_blocked, id=78851, stack(0x000070000699b000,0x0000700006a9b000)]
  0x00007faaf4350800 JavaThread "jar transforms Thread 7" [_thread_blocked, id=50435, stack(0x0000700006a9e000,0x0000700006b9e000)]
  0x00007faaf8d99800 JavaThread "jar transforms Thread 8" [_thread_blocked, id=50947, stack(0x0000700006ba1000,0x0000700006ca1000)]
  0x00007faafab80800 JavaThread "jar transforms Thread 9" [_thread_blocked, id=51459, stack(0x0000700006ca4000,0x0000700006da4000)]
  0x00007faaf9ca3000 JavaThread "jar transforms Thread 10" [_thread_blocked, id=51971, stack(0x0000700006da7000,0x0000700006ea7000)]
  0x00007faaf9ca3800 JavaThread "jar transforms Thread 11" [_thread_blocked, id=52483, stack(0x0000700006eaa000,0x0000700006faa000)]
  0x00007faaf9ca4800 JavaThread "jar transforms Thread 12" [_thread_blocked, id=76547, stack(0x0000700006fad000,0x00007000070ad000)]
  0x00007faaf9ca5800 JavaThread "jar transforms Thread 13" [_thread_blocked, id=52995, stack(0x00007000070b0000,0x00007000071b0000)]
  0x00007faaf9cbb800 JavaThread "jar transforms Thread 14" [_thread_blocked, id=53251, stack(0x00007000071b3000,0x00007000072b3000)]
  0x00007faaf421b000 JavaThread "jar transforms Thread 15" [_thread_blocked, id=54019, stack(0x00007000072b6000,0x00007000073b6000)]
  0x00007faaf9cbc800 JavaThread "jar transforms Thread 16" [_thread_blocked, id=54531, stack(0x00007000073b9000,0x00007000074b9000)]
  0x00007faafab81000 JavaThread "jar transforms Thread 17" [_thread_blocked, id=55043, stack(0x00007000074bc000,0x00007000075bc000)]
  0x00007faaf49bb800 JavaThread "Memory manager" [_thread_blocked, id=74755, stack(0x00007000075bf000,0x00007000076bf000)]
  0x00007faaf8d27000 JavaThread "Cache worker for file content cache (/Users/admin/Documents/encuesta/.gradle/6.6.1/fileContent)" [_thread_blocked, id=74243, stack(0x00007000076c2000,0x00007000077c2000)]
  0x00007faaf531e800 JavaThread "Execution worker for ':'" [_thread_blocked, id=55555, stack(0x00007000077c5000,0x00007000078c5000)]
  0x00007faaf3084800 JavaThread "Execution worker for ':' Thread 2" [_thread_blocked, id=56323, stack(0x00007000078c8000,0x00007000079c8000)]
  0x00007faaf359b000 JavaThread "Execution worker for ':' Thread 3" [_thread_blocked, id=56835, stack(0x00007000079cb000,0x0000700007acb000)]
  0x00007faaf659d000 JavaThread "Execution worker for ':' Thread 4" [_thread_blocked, id=57603, stack(0x0000700007ace000,0x0000700007bce000)]
  0x00007faaf8d26000 JavaThread "Execution worker for ':' Thread 5" [_thread_blocked, id=58115, stack(0x0000700007bd1000,0x0000700007cd1000)]
  0x00007faaf2ef5000 JavaThread "Execution worker for ':' Thread 6" [_thread_blocked, id=58627, stack(0x0000700007cd4000,0x0000700007dd4000)]
  0x00007faaf5f15000 JavaThread "Execution worker for ':' Thread 7" [_thread_blocked, id=59139, stack(0x0000700007dd7000,0x0000700007ed7000)]
  0x00007faaf5436800 JavaThread "Cache worker for execution history cache (/Users/admin/Documents/encuesta/.gradle/6.6.1/executionHistory)" [_thread_blocked, id=59651, stack(0x0000700007eda000,0x0000700007fda000)]
  0x00007faafb6e2800 JavaThread "Cache worker for Java compile cache (/Users/admin/.gradle/caches/6.6.1/javaCompile)" [_thread_blocked, id=60163, stack(0x0000700007fdd000,0x00007000080dd000)]
  0x00007faafb6eb000 JavaThread "Cache worker for Java compile cache (/Users/admin/Documents/encuesta/.gradle/6.6.1/javaCompile)" [_thread_blocked, id=71683, stack(0x00007000080e0000,0x00007000081e0000)]

Other Threads:
  0x00007faaf200d000 VMThread "VM Thread" [stack: 0x00007000030f0000,0x00007000031f0000] [id=19971]
  0x00007faaf5891800 WatcherThread [stack: 0x0000700003e1a000,0x0000700003f1a000] [id=40707]
  0x00007faaf500a800 GCTaskThread "GC Thread#0" [stack: 0x0000700002be1000,0x0000700002ce1000] [id=21251]
  0x00007faaf227e000 GCTaskThread "GC Thread#1" [stack: 0x0000700004020000,0x0000700004120000] [id=39427]
=>0x00007faaf2261800 GCTaskThread "GC Thread#2" [stack: 0x0000700004123000,0x0000700004223000] [id=39171]
  0x00007faaf4a43000 GCTaskThread "GC Thread#3" [stack: 0x0000700004226000,0x0000700004326000] [id=25347]
  0x00007faaf4a21000 GCTaskThread "GC Thread#4" [stack: 0x0000700004329000,0x0000700004429000] [id=25603]
  0x00007faaf2262000 GCTaskThread "GC Thread#5" [stack: 0x000070000442c000,0x000070000452c000] [id=38403]
  0x00007faaf240f800 GCTaskThread "GC Thread#6" [stack: 0x0000700005153000,0x0000700005253000] [id=30723]
  0x00007faaf241c000 GCTaskThread "GC Thread#7" [stack: 0x0000700005256000,0x0000700005356000] [id=30979]
  0x00007faaf5816800 ConcurrentGCThread "G1 Main Marker" [stack: 0x0000700002ce4000,0x0000700002de4000] [id=20739]
  0x00007faaf4809800 ConcurrentGCThread "G1 Conc#0" [stack: 0x0000700002de7000,0x0000700002ee7000] [id=12291]
  0x00007faaf51c7800 ConcurrentGCThread "G1 Conc#1" [stack: 0x0000700005359000,0x0000700005459000] [id=31491]
  0x00007faaf4849800 ConcurrentGCThread "G1 Refine#0" [stack: 0x0000700002eea000,0x0000700002fea000] [id=12803]
  0x00007faaf500b800 ConcurrentGCThread "G1 Young RemSet Sampling" [stack: 0x0000700002fed000,0x00007000030ed000] [id=13315]

Threads with active compile tasks:
C2 CompilerThread0   7958 6749       4       org.gradle.api.internal.tasks.compile.incremental.deps.ClassSetAnalysisData$Serializer::readClassName (63 bytes)
C2 CompilerThread1   7959 6198   !   4       io.spring.gradle.dependencymanagement.org.codehaus.plexus.interpolation.StringSearchInterpolator::interpolate (665 bytes)

VM state:at safepoint (normal execution)

VM Mutex/Monitor currently owned by a thread:  ([mutex/lock_event])
[0x000060000078db80] Threads_lock - owner thread: 0x00007faaf200d000
[0x000060000078e280] Heap_lock - owner thread: 0x00007faafb6e2800

Heap address: 0x00000007e0000000, size: 512 MB, Compressed Oops mode: Zero based, Oop shift amount: 3
Narrow klass base: 0x0000000800000000, Narrow klass shift: 0
Compressed class space size: 260046848 Address: 0x0000000800000000

Heap:
 garbage-first heap   total 262144K, used 173367K [0x00000007e0000000, 0x0000000800000000)
  region size 1024K, 141 young (144384K), 8 survivors (8192K)
 Metaspace       used 54631K, capacity 56447K, committed 56624K, reserved 303104K
  class space    used 7061K, capacity 7741K, committed 7808K, reserved 253952K
Heap Regions: E=young(eden), S=young(survivor), O=old, HS=humongous(starts), HC=humongous(continues), CS=collection set, F=free, A=archive, TAMS=top-at-mark-start (previous, next)
|   0|0x00000007e0000000, 0x00000007e0100000, 0x00000007e0100000|100%| O|  |TAMS 0x00000007e0100000, 0x00000007e0000000| Untracked 
|   1|0x00000007e0100000, 0x00000007e0200000, 0x00000007e0200000|100%| O|  |TAMS 0x00000007e0200000, 0x00000007e0100000| Untracked 
|   2|0x00000007e0200000, 0x00000007e0300000, 0x00000007e0300000|100%| O|  |TAMS 0x00000007e0300000, 0x00000007e0200000| Untracked 
|   3|0x00000007e0300000, 0x00000007e0400000, 0x00000007e0400000|100%|HS|  |TAMS 0x00000007e0400000, 0x00000007e0300000| Complete 
|   4|0x00000007e0400000, 0x00000007e0500000, 0x00000007e0500000|100%|HC|  |TAMS 0x00000007e0500000, 0x00000007e0400000| Complete 
|   5|0x00000007e0500000, 0x00000007e0600000, 0x00000007e0600000|100%|HC|  |TAMS 0x00000007e0600000, 0x00000007e0500000| Complete 
|   6|0x00000007e0600000, 0x00000007e0700000, 0x00000007e0700000|100%| O|  |TAMS 0x00000007e0700000, 0x00000007e0600000| Untracked 
|   7|0x00000007e0700000, 0x00000007e0800000, 0x00000007e0800000|100%| O|  |TAMS 0x00000007e0800000, 0x00000007e0700000| Untracked 
|   8|0x00000007e0800000, 0x00000007e0900000, 0x00000007e0900000|100%| O|  |TAMS 0x00000007e0900000, 0x00000007e0800000| Untracked 
|   9|0x00000007e0900000, 0x00000007e0a00000, 0x00000007e0a00000|100%| O|  |TAMS 0x00000007e0a00000, 0x00000007e0900000| Untracked 
|  10|0x00000007e0a00000, 0x00000007e0b00000, 0x00000007e0b00000|100%| O|  |TAMS 0x00000007e0b00000, 0x00000007e0a00000| Untracked 
|  11|0x00000007e0b00000, 0x00000007e0c00000, 0x00000007e0c00000|100%| O|  |TAMS 0x00000007e0c00000, 0x00000007e0b00000| Untracked 
|  12|0x00000007e0c00000, 0x00000007e0d00000, 0x00000007e0d00000|100%| O|  |TAMS 0x00000007e0d00000, 0x00000007e0c00000| Untracked 
|  13|0x00000007e0d00000, 0x00000007e0e00000, 0x00000007e0e00000|100%| O|  |TAMS 0x00000007e0e00000, 0x00000007e0d00000| Untracked 
|  14|0x00000007e0e00000, 0x00000007e0f00000, 0x00000007e0f00000|100%| O|  |TAMS 0x00000007e0eeb600, 0x00000007e0e00000| Untracked 
|  15|0x00000007e0f00000, 0x00000007e1000000, 0x00000007e1000000|100%| O|  |TAMS 0x00000007e0f00000, 0x00000007e0f00000| Untracked 
|  16|0x00000007e1000000, 0x00000007e1100000, 0x00000007e1100000|100%| O|  |TAMS 0x00000007e1000000, 0x00000007e1000000| Untracked 
|  17|0x00000007e1100000, 0x00000007e1200000, 0x00000007e1200000|100%| O|  |TAMS 0x00000007e1100000, 0x00000007e1100000| Untracked 
|  18|0x00000007e1200000, 0x00000007e1300000, 0x00000007e1300000|100%| O|  |TAMS 0x00000007e1200000, 0x00000007e1200000| Untracked 
|  19|0x00000007e1300000, 0x00000007e1400000, 0x00000007e1400000|100%| O|  |TAMS 0x00000007e1300000, 0x00000007e1300000| Untracked 
|  20|0x00000007e1400000, 0x00000007e1500000, 0x00000007e1500000|100%| O|  |TAMS 0x00000007e1400000, 0x00000007e1400000| Untracked 
|  21|0x00000007e1500000, 0x00000007e1600000, 0x00000007e1600000|100%| O|  |TAMS 0x00000007e1500000, 0x00000007e1500000| Untracked 
|  22|0x00000007e1600000, 0x00000007e1700000, 0x00000007e1700000|100%| O|  |TAMS 0x00000007e1600000, 0x00000007e1600000| Untracked 
|  23|0x00000007e1700000, 0x00000007e1800000, 0x00000007e1800000|100%| O|  |TAMS 0x00000007e1700000, 0x00000007e1700000| Untracked 
|  24|0x00000007e1800000, 0x00000007e1900000, 0x00000007e1900000|100%| O|  |TAMS 0x00000007e1800000, 0x00000007e1800000| Untracked 
|  25|0x00000007e1900000, 0x00000007e1a00000, 0x00000007e1a00000|100%| O|  |TAMS 0x00000007e1900000, 0x00000007e1900000| Untracked 
|  26|0x00000007e1a00000, 0x00000007e1b00000, 0x00000007e1b00000|100%| O|  |TAMS 0x00000007e1a00000, 0x00000007e1a00000| Untracked 
|  27|0x00000007e1b00000, 0x00000007e1c00000, 0x00000007e1c00000|100%| O|  |TAMS 0x00000007e1b00000, 0x00000007e1b00000| Untracked 
|  28|0x00000007e1c00000, 0x00000007e1d00000, 0x00000007e1d00000|100%| O|  |TAMS 0x00000007e1c00000, 0x00000007e1c00000| Untracked 
|  29|0x00000007e1d00000, 0x00000007e1e00000, 0x00000007e1e00000|100%| O|  |TAMS 0x00000007e1d00000, 0x00000007e1d00000| Untracked 
|  30|0x00000007e1e00000, 0x00000007e1f00000, 0x00000007e1f00000|100%| O|  |TAMS 0x00000007e1e00000, 0x00000007e1e00000| Untracked 
|  31|0x00000007e1f00000, 0x00000007e2000000, 0x00000007e2000000|100%| O|  |TAMS 0x00000007e1f00000, 0x00000007e1f00000| Untracked 
|  32|0x00000007e2000000, 0x00000007e2100000, 0x00000007e2100000|100%| O|  |TAMS 0x00000007e2000000, 0x00000007e2000000| Untracked 
|  33|0x00000007e2100000, 0x00000007e2200000, 0x00000007e2200000|100%| O|  |TAMS 0x00000007e2100000, 0x00000007e2100000| Untracked 
|  34|0x00000007e2200000, 0x00000007e2300000, 0x00000007e2300000|100%| O|  |TAMS 0x00000007e2200000, 0x00000007e2200000| Untracked 
|  35|0x00000007e2300000, 0x00000007e23817b0, 0x00000007e2400000| 50%| O|  |TAMS 0x00000007e2300000, 0x00000007e2300000| Untracked 
|  36|0x00000007e2400000, 0x00000007e2400000, 0x00000007e2500000|  0%| F|  |TAMS 0x00000007e2400000, 0x00000007e2400000| Untracked 
|  37|0x00000007e2500000, 0x00000007e2500000, 0x00000007e2600000|  0%| F|  |TAMS 0x00000007e2500000, 0x00000007e2500000| Untracked 
|  38|0x00000007e2600000, 0x00000007e2600000, 0x00000007e2700000|  0%| F|  |TAMS 0x00000007e2600000, 0x00000007e2600000| Untracked 
|  39|0x00000007e2700000, 0x00000007e2700000, 0x00000007e2800000|  0%| F|  |TAMS 0x00000007e2700000, 0x00000007e2700000| Untracked 
|  40|0x00000007e2800000, 0x00000007e2800000, 0x00000007e2900000|  0%| F|  |TAMS 0x00000007e2800000, 0x00000007e2800000| Untracked 
|  41|0x00000007e2900000, 0x00000007e2900000, 0x00000007e2a00000|  0%| F|  |TAMS 0x00000007e2900000, 0x00000007e2900000| Untracked 
|  42|0x00000007e2a00000, 0x00000007e2a00000, 0x00000007e2b00000|  0%| F|  |TAMS 0x00000007e2a00000, 0x00000007e2a00000| Untracked 
|  43|0x00000007e2b00000, 0x00000007e2b00000, 0x00000007e2c00000|  0%| F|  |TAMS 0x00000007e2b00000, 0x00000007e2b00000| Untracked 
|  44|0x00000007e2c00000, 0x00000007e2c00000, 0x00000007e2d00000|  0%| F|  |TAMS 0x00000007e2c00000, 0x00000007e2c00000| Untracked 
|  45|0x00000007e2d00000, 0x00000007e2d00000, 0x00000007e2e00000|  0%| F|  |TAMS 0x00000007e2d00000, 0x00000007e2d00000| Untracked 
|  46|0x00000007e2e00000, 0x00000007e2e00000, 0x00000007e2f00000|  0%| F|  |TAMS 0x00000007e2e00000, 0x00000007e2e00000| Untracked 
|  47|0x00000007e2f00000, 0x00000007e2f00000, 0x00000007e3000000|  0%| F|  |TAMS 0x00000007e2f00000, 0x00000007e2f00000| Untracked 
|  48|0x00000007e3000000, 0x00000007e3000000, 0x00000007e3100000|  0%| F|  |TAMS 0x00000007e3000000, 0x00000007e3000000| Untracked 
|  49|0x00000007e3100000, 0x00000007e3100000, 0x00000007e3200000|  0%| F|  |TAMS 0x00000007e3100000, 0x00000007e3100000| Untracked 
|  50|0x00000007e3200000, 0x00000007e3200000, 0x00000007e3300000|  0%| F|  |TAMS 0x00000007e3200000, 0x00000007e3200000| Untracked 
|  51|0x00000007e3300000, 0x00000007e3300000, 0x00000007e3400000|  0%| F|  |TAMS 0x00000007e3300000, 0x00000007e3300000| Untracked 
|  52|0x00000007e3400000, 0x00000007e3400000, 0x00000007e3500000|  0%| F|  |TAMS 0x00000007e3400000, 0x00000007e3400000| Untracked 
|  53|0x00000007e3500000, 0x00000007e3500000, 0x00000007e3600000|  0%| F|  |TAMS 0x00000007e3500000, 0x00000007e3500000| Untracked 
|  54|0x00000007e3600000, 0x00000007e3600000, 0x00000007e3700000|  0%| F|  |TAMS 0x00000007e3600000, 0x00000007e3600000| Untracked 
|  55|0x00000007e3700000, 0x00000007e3700000, 0x00000007e3800000|  0%| F|  |TAMS 0x00000007e3700000, 0x00000007e3700000| Untracked 
|  56|0x00000007e3800000, 0x00000007e3800000, 0x00000007e3900000|  0%| F|  |TAMS 0x00000007e3800000, 0x00000007e3800000| Untracked 
|  57|0x00000007e3900000, 0x00000007e3900000, 0x00000007e3a00000|  0%| F|  |TAMS 0x00000007e3900000, 0x00000007e3900000| Untracked 
|  58|0x00000007e3a00000, 0x00000007e3a00000, 0x00000007e3b00000|  0%| F|  |TAMS 0x00000007e3a00000, 0x00000007e3a00000| Untracked 
|  59|0x00000007e3b00000, 0x00000007e3b00000, 0x00000007e3c00000|  0%| F|  |TAMS 0x00000007e3b00000, 0x00000007e3b00000| Untracked 
|  60|0x00000007e3c00000, 0x00000007e3c00000, 0x00000007e3d00000|  0%| F|  |TAMS 0x00000007e3c00000, 0x00000007e3c00000| Untracked 
|  61|0x00000007e3d00000, 0x00000007e3d00000, 0x00000007e3e00000|  0%| F|  |TAMS 0x00000007e3d00000, 0x00000007e3d00000| Untracked 
|  62|0x00000007e3e00000, 0x00000007e3e00000, 0x00000007e3f00000|  0%| F|  |TAMS 0x00000007e3e00000, 0x00000007e3e00000| Untracked 
|  63|0x00000007e3f00000, 0x00000007e3f00000, 0x00000007e4000000|  0%| F|  |TAMS 0x00000007e3f00000, 0x00000007e3f00000| Untracked 
|  64|0x00000007e4000000, 0x00000007e4000000, 0x00000007e4100000|  0%| F|  |TAMS 0x00000007e4000000, 0x00000007e4000000| Untracked 
|  65|0x00000007e4100000, 0x00000007e4100000, 0x00000007e4200000|  0%| F|  |TAMS 0x00000007e4100000, 0x00000007e4100000| Untracked 
|  66|0x00000007e4200000, 0x00000007e4200000, 0x00000007e4300000|  0%| F|  |TAMS 0x00000007e4200000, 0x00000007e4200000| Untracked 
|  67|0x00000007e4300000, 0x00000007e4300000, 0x00000007e4400000|  0%| F|  |TAMS 0x00000007e4300000, 0x00000007e4300000| Untracked 
|  68|0x00000007e4400000, 0x00000007e4400000, 0x00000007e4500000|  0%| F|  |TAMS 0x00000007e4400000, 0x00000007e4400000| Untracked 
|  69|0x00000007e4500000, 0x00000007e4500000, 0x00000007e4600000|  0%| F|  |TAMS 0x00000007e4500000, 0x00000007e4500000| Untracked 
|  70|0x00000007e4600000, 0x00000007e4600000, 0x00000007e4700000|  0%| F|  |TAMS 0x00000007e4600000, 0x00000007e4600000| Untracked 
|  71|0x00000007e4700000, 0x00000007e4700000, 0x00000007e4800000|  0%| F|  |TAMS 0x00000007e4700000, 0x00000007e4700000| Untracked 
|  72|0x00000007e4800000, 0x00000007e4800000, 0x00000007e4900000|  0%| F|  |TAMS 0x00000007e4800000, 0x00000007e4800000| Untracked 
|  73|0x00000007e4900000, 0x00000007e4900000, 0x00000007e4a00000|  0%| F|  |TAMS 0x00000007e4900000, 0x00000007e4900000| Untracked 
|  74|0x00000007e4a00000, 0x00000007e4a00000, 0x00000007e4b00000|  0%| F|  |TAMS 0x00000007e4a00000, 0x00000007e4a00000| Untracked 
|  75|0x00000007e4b00000, 0x00000007e4b00000, 0x00000007e4c00000|  0%| F|  |TAMS 0x00000007e4b00000, 0x00000007e4b00000| Untracked 
|  76|0x00000007e4c00000, 0x00000007e4c00000, 0x00000007e4d00000|  0%| F|  |TAMS 0x00000007e4c00000, 0x00000007e4c00000| Untracked 
|  77|0x00000007e4d00000, 0x00000007e4d00000, 0x00000007e4e00000|  0%| F|  |TAMS 0x00000007e4d00000, 0x00000007e4d00000| Untracked 
|  78|0x00000007e4e00000, 0x00000007e4e00000, 0x00000007e4f00000|  0%| F|  |TAMS 0x00000007e4e00000, 0x00000007e4e00000| Untracked 
|  79|0x00000007e4f00000, 0x00000007e4f00000, 0x00000007e5000000|  0%| F|  |TAMS 0x00000007e4f00000, 0x00000007e4f00000| Untracked 
|  80|0x00000007e5000000, 0x00000007e5000000, 0x00000007e5100000|  0%| F|  |TAMS 0x00000007e5000000, 0x00000007e5000000| Untracked 
|  81|0x00000007e5100000, 0x00000007e5100000, 0x00000007e5200000|  0%| F|  |TAMS 0x00000007e5100000, 0x00000007e5100000| Untracked 
|  82|0x00000007e5200000, 0x00000007e5200000, 0x00000007e5300000|  0%| F|  |TAMS 0x00000007e5200000, 0x00000007e5200000| Untracked 
|  83|0x00000007e5300000, 0x00000007e53daca0, 0x00000007e5400000| 85%| E|CS|TAMS 0x00000007e5300000, 0x00000007e5300000| Complete 
|  84|0x00000007e5400000, 0x00000007e5500000, 0x00000007e5500000|100%| E|CS|TAMS 0x00000007e5400000, 0x00000007e5400000| Complete 
|  85|0x00000007e5500000, 0x00000007e5600000, 0x00000007e5600000|100%| E|CS|TAMS 0x00000007e5500000, 0x00000007e5500000| Complete 
|  86|0x00000007e5600000, 0x00000007e5700000, 0x00000007e5700000|100%| E|CS|TAMS 0x00000007e5600000, 0x00000007e5600000| Complete 
|  87|0x00000007e5700000, 0x00000007e5800000, 0x00000007e5800000|100%| E|CS|TAMS 0x00000007e5700000, 0x00000007e5700000| Complete 
|  88|0x00000007e5800000, 0x00000007e5900000, 0x00000007e5900000|100%| E|CS|TAMS 0x00000007e5800000, 0x00000007e5800000| Complete 
|  89|0x00000007e5900000, 0x00000007e5a00000, 0x00000007e5a00000|100%| E|CS|TAMS 0x00000007e5900000, 0x00000007e5900000| Complete 
|  90|0x00000007e5a00000, 0x00000007e5b00000, 0x00000007e5b00000|100%| E|CS|TAMS 0x00000007e5a00000, 0x00000007e5a00000| Complete 
|  91|0x00000007e5b00000, 0x00000007e5c00000, 0x00000007e5c00000|100%| E|CS|TAMS 0x00000007e5b00000, 0x00000007e5b00000| Complete 
|  92|0x00000007e5c00000, 0x00000007e5d00000, 0x00000007e5d00000|100%| E|CS|TAMS 0x00000007e5c00000, 0x00000007e5c00000| Complete 
|  93|0x00000007e5d00000, 0x00000007e5e00000, 0x00000007e5e00000|100%| E|CS|TAMS 0x00000007e5d00000, 0x00000007e5d00000| Complete 
|  94|0x00000007e5e00000, 0x00000007e5f00000, 0x00000007e5f00000|100%| E|CS|TAMS 0x00000007e5e00000, 0x00000007e5e00000| Complete 
|  95|0x00000007e5f00000, 0x00000007e6000000, 0x00000007e6000000|100%| E|CS|TAMS 0x00000007e5f00000, 0x00000007e5f00000| Complete 
|  96|0x00000007e6000000, 0x00000007e6100000, 0x00000007e6100000|100%| E|CS|TAMS 0x00000007e6000000, 0x00000007e6000000| Complete 
|  97|0x00000007e6100000, 0x00000007e6200000, 0x00000007e6200000|100%| E|CS|TAMS 0x00000007e6100000, 0x00000007e6100000| Complete 
|  98|0x00000007e6200000, 0x00000007e6300000, 0x00000007e6300000|100%| E|CS|TAMS 0x00000007e6200000, 0x00000007e6200000| Complete 
|  99|0x00000007e6300000, 0x00000007e6400000, 0x00000007e6400000|100%| E|CS|TAMS 0x00000007e6300000, 0x00000007e6300000| Complete 
| 100|0x00000007e6400000, 0x00000007e6500000, 0x00000007e6500000|100%| E|CS|TAMS 0x00000007e6400000, 0x00000007e6400000| Complete 
| 101|0x00000007e6500000, 0x00000007e6600000, 0x00000007e6600000|100%| E|CS|TAMS 0x00000007e6500000, 0x00000007e6500000| Complete 
| 102|0x00000007e6600000, 0x00000007e6700000, 0x00000007e6700000|100%| E|CS|TAMS 0x00000007e6600000, 0x00000007e6600000| Complete 
| 103|0x00000007e6700000, 0x00000007e6700000, 0x00000007e6800000|  0%| F|  |TAMS 0x00000007e6700000, 0x00000007e6700000| Untracked 
| 104|0x00000007e6800000, 0x00000007e6800000, 0x00000007e6900000|  0%| F|  |TAMS 0x00000007e6800000, 0x00000007e6800000| Untracked 
| 105|0x00000007e6900000, 0x00000007e6900000, 0x00000007e6a00000|  0%| F|  |TAMS 0x00000007e6900000, 0x00000007e6900000| Untracked 
| 106|0x00000007e6a00000, 0x00000007e6a00000, 0x00000007e6b00000|  0%| F|  |TAMS 0x00000007e6a00000, 0x00000007e6a00000| Untracked 
| 107|0x00000007e6b00000, 0x00000007e6b00000, 0x00000007e6c00000|  0%| F|  |TAMS 0x00000007e6b00000, 0x00000007e6b00000| Untracked 
| 108|0x00000007e6c00000, 0x00000007e6c00000, 0x00000007e6d00000|  0%| F|  |TAMS 0x00000007e6c00000, 0x00000007e6c00000| Untracked 
| 109|0x00000007e6d00000, 0x00000007e6d00000, 0x00000007e6e00000|  0%| F|  |TAMS 0x00000007e6d00000, 0x00000007e6d00000| Untracked 
| 110|0x00000007e6e00000, 0x00000007e6e00000, 0x00000007e6f00000|  0%| F|  |TAMS 0x00000007e6e00000, 0x00000007e6e00000| Untracked 
| 111|0x00000007e6f00000, 0x00000007e6f00000, 0x00000007e7000000|  0%| F|  |TAMS 0x00000007e6f00000, 0x00000007e6f00000| Untracked 
| 112|0x00000007e7000000, 0x00000007e7000000, 0x00000007e7100000|  0%| F|  |TAMS 0x00000007e7000000, 0x00000007e7000000| Untracked 
| 113|0x00000007e7100000, 0x00000007e7100000, 0x00000007e7200000|  0%| F|  |TAMS 0x00000007e7100000, 0x00000007e7100000| Untracked 
| 114|0x00000007e7200000, 0x00000007e7200000, 0x00000007e7300000|  0%| F|  |TAMS 0x00000007e7200000, 0x00000007e7200000| Untracked 
| 115|0x00000007e7300000, 0x00000007e7400000, 0x00000007e7400000|100%| S|  |TAMS 0x00000007e7300000, 0x00000007e7300000| Complete 
| 116|0x00000007e7400000, 0x00000007e7500000, 0x00000007e7500000|100%| S|  |TAMS 0x00000007e7400000, 0x00000007e7400000| Complete 
| 117|0x00000007e7500000, 0x00000007e7600000, 0x00000007e7600000|100%| S|  |TAMS 0x00000007e7500000, 0x00000007e7500000| Complete 
| 118|0x00000007e7600000, 0x00000007e7700000, 0x00000007e7700000|100%| S|  |TAMS 0x00000007e7600000, 0x00000007e7600000| Complete 
| 119|0x00000007e7700000, 0x00000007e7800000, 0x00000007e7800000|100%| S|  |TAMS 0x00000007e7700000, 0x00000007e7700000| Complete 
| 120|0x00000007e7800000, 0x00000007e7900000, 0x00000007e7900000|100%| S|  |TAMS 0x00000007e7800000, 0x00000007e7800000| Complete 
| 121|0x00000007e7900000, 0x00000007e7a00000, 0x00000007e7a00000|100%| S|  |TAMS 0x00000007e7900000, 0x00000007e7900000| Complete 
| 122|0x00000007e7a00000, 0x00000007e7b00000, 0x00000007e7b00000|100%| S|  |TAMS 0x00000007e7a00000, 0x00000007e7a00000| Complete 
| 123|0x00000007e7b00000, 0x00000007e7c00000, 0x00000007e7c00000|100%| E|CS|TAMS 0x00000007e7b00000, 0x00000007e7b00000| Complete 
| 124|0x00000007e7c00000, 0x00000007e7d00000, 0x00000007e7d00000|100%| E|CS|TAMS 0x00000007e7c00000, 0x00000007e7c00000| Complete 
| 125|0x00000007e7d00000, 0x00000007e7e00000, 0x00000007e7e00000|100%| E|CS|TAMS 0x00000007e7d00000, 0x00000007e7d00000| Complete 
| 126|0x00000007e7e00000, 0x00000007e7f00000, 0x00000007e7f00000|100%| E|CS|TAMS 0x00000007e7e00000, 0x00000007e7e00000| Complete 
| 127|0x00000007e7f00000, 0x00000007e8000000, 0x00000007e8000000|100%| E|CS|TAMS 0x00000007e7f00000, 0x00000007e7f00000| Complete 
| 128|0x00000007e8000000, 0x00000007e8100000, 0x00000007e8100000|100%| E|CS|TAMS 0x00000007e8000000, 0x00000007e8000000| Complete 
| 129|0x00000007e8100000, 0x00000007e8200000, 0x00000007e8200000|100%| E|CS|TAMS 0x00000007e8100000, 0x00000007e8100000| Complete 
| 130|0x00000007e8200000, 0x00000007e8300000, 0x00000007e8300000|100%| E|CS|TAMS 0x00000007e8200000, 0x00000007e8200000| Complete 
| 131|0x00000007e8300000, 0x00000007e8400000, 0x00000007e8400000|100%| E|CS|TAMS 0x00000007e8300000, 0x00000007e8300000| Complete 
| 132|0x00000007e8400000, 0x00000007e8500000, 0x00000007e8500000|100%| E|CS|TAMS 0x00000007e8400000, 0x00000007e8400000| Complete 
| 133|0x00000007e8500000, 0x00000007e8600000, 0x00000007e8600000|100%| E|CS|TAMS 0x00000007e8500000, 0x00000007e8500000| Complete 
| 134|0x00000007e8600000, 0x00000007e8700000, 0x00000007e8700000|100%| E|CS|TAMS 0x00000007e8600000, 0x00000007e8600000| Complete 
| 135|0x00000007e8700000, 0x00000007e8800000, 0x00000007e8800000|100%| E|CS|TAMS 0x00000007e8700000, 0x00000007e8700000| Complete 
| 136|0x00000007e8800000, 0x00000007e8900000, 0x00000007e8900000|100%| E|CS|TAMS 0x00000007e8800000, 0x00000007e8800000| Complete 
| 137|0x00000007e8900000, 0x00000007e8a00000, 0x00000007e8a00000|100%| E|CS|TAMS 0x00000007e8900000, 0x00000007e8900000| Complete 
| 138|0x00000007e8a00000, 0x00000007e8b00000, 0x00000007e8b00000|100%| E|CS|TAMS 0x00000007e8a00000, 0x00000007e8a00000| Complete 
| 139|0x00000007e8b00000, 0x00000007e8c00000, 0x00000007e8c00000|100%| E|CS|TAMS 0x00000007e8b00000, 0x00000007e8b00000| Complete 
| 140|0x00000007e8c00000, 0x00000007e8d00000, 0x00000007e8d00000|100%| E|CS|TAMS 0x00000007e8c00000, 0x00000007e8c00000| Complete 
| 141|0x00000007e8d00000, 0x00000007e8e00000, 0x00000007e8e00000|100%| E|CS|TAMS 0x00000007e8d00000, 0x00000007e8d00000| Complete 
| 142|0x00000007e8e00000, 0x00000007e8f00000, 0x00000007e8f00000|100%| E|CS|TAMS 0x00000007e8e00000, 0x00000007e8e00000| Complete 
| 143|0x00000007e8f00000, 0x00000007e9000000, 0x00000007e9000000|100%| E|CS|TAMS 0x00000007e8f00000, 0x00000007e8f00000| Complete 
| 144|0x00000007e9000000, 0x00000007e9100000, 0x00000007e9100000|100%| E|CS|TAMS 0x00000007e9000000, 0x00000007e9000000| Complete 
| 145|0x00000007e9100000, 0x00000007e9200000, 0x00000007e9200000|100%| E|CS|TAMS 0x00000007e9100000, 0x00000007e9100000| Complete 
| 146|0x00000007e9200000, 0x00000007e9300000, 0x00000007e9300000|100%| E|CS|TAMS 0x00000007e9200000, 0x00000007e9200000| Complete 
| 147|0x00000007e9300000, 0x00000007e9400000, 0x00000007e9400000|100%| E|CS|TAMS 0x00000007e9300000, 0x00000007e9300000| Complete 
| 148|0x00000007e9400000, 0x00000007e9500000, 0x00000007e9500000|100%| E|CS|TAMS 0x00000007e9400000, 0x00000007e9400000| Complete 
| 149|0x00000007e9500000, 0x00000007e9600000, 0x00000007e9600000|100%| E|CS|TAMS 0x00000007e9500000, 0x00000007e9500000| Complete 
| 150|0x00000007e9600000, 0x00000007e9700000, 0x00000007e9700000|100%| E|CS|TAMS 0x00000007e9600000, 0x00000007e9600000| Complete 
| 151|0x00000007e9700000, 0x00000007e9800000, 0x00000007e9800000|100%| E|CS|TAMS 0x00000007e9700000, 0x00000007e9700000| Complete 
| 152|0x00000007e9800000, 0x00000007e9900000, 0x00000007e9900000|100%| E|CS|TAMS 0x00000007e9800000, 0x00000007e9800000| Complete 
| 153|0x00000007e9900000, 0x00000007e9a00000, 0x00000007e9a00000|100%| E|CS|TAMS 0x00000007e9900000, 0x00000007e9900000| Complete 
| 154|0x00000007e9a00000, 0x00000007e9b00000, 0x00000007e9b00000|100%| E|CS|TAMS 0x00000007e9a00000, 0x00000007e9a00000| Complete 
| 155|0x00000007e9b00000, 0x00000007e9c00000, 0x00000007e9c00000|100%| E|CS|TAMS 0x00000007e9b00000, 0x00000007e9b00000| Complete 
| 156|0x00000007e9c00000, 0x00000007e9d00000, 0x00000007e9d00000|100%| E|CS|TAMS 0x00000007e9c00000, 0x00000007e9c00000| Complete 
| 157|0x00000007e9d00000, 0x00000007e9e00000, 0x00000007e9e00000|100%| E|CS|TAMS 0x00000007e9d00000, 0x00000007e9d00000| Complete 
| 158|0x00000007e9e00000, 0x00000007e9f00000, 0x00000007e9f00000|100%| E|CS|TAMS 0x00000007e9e00000, 0x00000007e9e00000| Complete 
| 159|0x00000007e9f00000, 0x00000007ea000000, 0x00000007ea000000|100%| E|CS|TAMS 0x00000007e9f00000, 0x00000007e9f00000| Complete 
| 160|0x00000007ea000000, 0x00000007ea100000, 0x00000007ea100000|100%| E|CS|TAMS 0x00000007ea000000, 0x00000007ea000000| Complete 
| 161|0x00000007ea100000, 0x00000007ea200000, 0x00000007ea200000|100%| E|CS|TAMS 0x00000007ea100000, 0x00000007ea100000| Complete 
| 162|0x00000007ea200000, 0x00000007ea300000, 0x00000007ea300000|100%| E|CS|TAMS 0x00000007ea200000, 0x00000007ea200000| Complete 
| 163|0x00000007ea300000, 0x00000007ea400000, 0x00000007ea400000|100%| E|CS|TAMS 0x00000007ea300000, 0x00000007ea300000| Complete 
| 164|0x00000007ea400000, 0x00000007ea500000, 0x00000007ea500000|100%| E|CS|TAMS 0x00000007ea400000, 0x00000007ea400000| Complete 
| 165|0x00000007ea500000, 0x00000007ea600000, 0x00000007ea600000|100%| E|CS|TAMS 0x00000007ea500000, 0x00000007ea500000| Complete 
| 166|0x00000007ea600000, 0x00000007ea700000, 0x00000007ea700000|100%| E|CS|TAMS 0x00000007ea600000, 0x00000007ea600000| Complete 
| 167|0x00000007ea700000, 0x00000007ea800000, 0x00000007ea800000|100%| E|CS|TAMS 0x00000007ea700000, 0x00000007ea700000| Complete 
| 168|0x00000007ea800000, 0x00000007ea900000, 0x00000007ea900000|100%| E|CS|TAMS 0x00000007ea800000, 0x00000007ea800000| Complete 
| 169|0x00000007ea900000, 0x00000007eaa00000, 0x00000007eaa00000|100%| E|CS|TAMS 0x00000007ea900000, 0x00000007ea900000| Complete 
| 170|0x00000007eaa00000, 0x00000007eab00000, 0x00000007eab00000|100%| E|CS|TAMS 0x00000007eaa00000, 0x00000007eaa00000| Complete 
| 171|0x00000007eab00000, 0x00000007eac00000, 0x00000007eac00000|100%| E|CS|TAMS 0x00000007eab00000, 0x00000007eab00000| Complete 
| 172|0x00000007eac00000, 0x00000007ead00000, 0x00000007ead00000|100%| E|CS|TAMS 0x00000007eac00000, 0x00000007eac00000| Complete 
| 173|0x00000007ead00000, 0x00000007eae00000, 0x00000007eae00000|100%| E|CS|TAMS 0x00000007ead00000, 0x00000007ead00000| Complete 
| 174|0x00000007eae00000, 0x00000007eaf00000, 0x00000007eaf00000|100%| E|CS|TAMS 0x00000007eae00000, 0x00000007eae00000| Complete 
| 175|0x00000007eaf00000, 0x00000007eb000000, 0x00000007eb000000|100%| E|CS|TAMS 0x00000007eaf00000, 0x00000007eaf00000| Complete 
| 176|0x00000007eb000000, 0x00000007eb100000, 0x00000007eb100000|100%| E|CS|TAMS 0x00000007eb000000, 0x00000007eb000000| Complete 
| 177|0x00000007eb100000, 0x00000007eb200000, 0x00000007eb200000|100%| E|CS|TAMS 0x00000007eb100000, 0x00000007eb100000| Complete 
| 178|0x00000007eb200000, 0x00000007eb300000, 0x00000007eb300000|100%| E|CS|TAMS 0x00000007eb200000, 0x00000007eb200000| Complete 
| 179|0x00000007eb300000, 0x00000007eb400000, 0x00000007eb400000|100%| E|CS|TAMS 0x00000007eb300000, 0x00000007eb300000| Complete 
| 180|0x00000007eb400000, 0x00000007eb500000, 0x00000007eb500000|100%| E|CS|TAMS 0x00000007eb400000, 0x00000007eb400000| Complete 
| 181|0x00000007eb500000, 0x00000007eb600000, 0x00000007eb600000|100%| E|CS|TAMS 0x00000007eb500000, 0x00000007eb500000| Complete 
| 182|0x00000007eb600000, 0x00000007eb700000, 0x00000007eb700000|100%| E|CS|TAMS 0x00000007eb600000, 0x00000007eb600000| Complete 
| 183|0x00000007eb700000, 0x00000007eb800000, 0x00000007eb800000|100%| E|CS|TAMS 0x00000007eb700000, 0x00000007eb700000| Complete 
| 184|0x00000007eb800000, 0x00000007eb900000, 0x00000007eb900000|100%| E|CS|TAMS 0x00000007eb800000, 0x00000007eb800000| Complete 
| 185|0x00000007eb900000, 0x00000007eba00000, 0x00000007eba00000|100%| E|CS|TAMS 0x00000007eb900000, 0x00000007eb900000| Complete 
| 186|0x00000007eba00000, 0x00000007ebb00000, 0x00000007ebb00000|100%| E|CS|TAMS 0x00000007eba00000, 0x00000007eba00000| Complete 
| 187|0x00000007ebb00000, 0x00000007ebc00000, 0x00000007ebc00000|100%| E|CS|TAMS 0x00000007ebb00000, 0x00000007ebb00000| Complete 
| 188|0x00000007ebc00000, 0x00000007ebd00000, 0x00000007ebd00000|100%| E|CS|TAMS 0x00000007ebc00000, 0x00000007ebc00000| Complete 
| 189|0x00000007ebd00000, 0x00000007ebe00000, 0x00000007ebe00000|100%| E|CS|TAMS 0x00000007ebd00000, 0x00000007ebd00000| Complete 
| 190|0x00000007ebe00000, 0x00000007ebf00000, 0x00000007ebf00000|100%| E|CS|TAMS 0x00000007ebe00000, 0x00000007ebe00000| Complete 
| 191|0x00000007ebf00000, 0x00000007ec000000, 0x00000007ec000000|100%| E|CS|TAMS 0x00000007ebf00000, 0x00000007ebf00000| Complete 
| 192|0x00000007ec000000, 0x00000007ec100000, 0x00000007ec100000|100%| E|CS|TAMS 0x00000007ec000000, 0x00000007ec000000| Complete 
| 193|0x00000007ec100000, 0x00000007ec200000, 0x00000007ec200000|100%| E|CS|TAMS 0x00000007ec100000, 0x00000007ec100000| Complete 
| 194|0x00000007ec200000, 0x00000007ec300000, 0x00000007ec300000|100%| E|CS|TAMS 0x00000007ec200000, 0x00000007ec200000| Complete 
| 195|0x00000007ec300000, 0x00000007ec400000, 0x00000007ec400000|100%| E|CS|TAMS 0x00000007ec300000, 0x00000007ec300000| Complete 
| 196|0x00000007ec400000, 0x00000007ec500000, 0x00000007ec500000|100%| E|CS|TAMS 0x00000007ec400000, 0x00000007ec400000| Complete 
| 197|0x00000007ec500000, 0x00000007ec600000, 0x00000007ec600000|100%| E|CS|TAMS 0x00000007ec500000, 0x00000007ec500000| Complete 
| 198|0x00000007ec600000, 0x00000007ec700000, 0x00000007ec700000|100%| E|CS|TAMS 0x00000007ec600000, 0x00000007ec600000| Complete 
| 199|0x00000007ec700000, 0x00000007ec800000, 0x00000007ec800000|100%| E|CS|TAMS 0x00000007ec700000, 0x00000007ec700000| Complete 
| 200|0x00000007ec800000, 0x00000007ec900000, 0x00000007ec900000|100%| E|CS|TAMS 0x00000007ec800000, 0x00000007ec800000| Complete 
| 201|0x00000007ec900000, 0x00000007eca00000, 0x00000007eca00000|100%| E|CS|TAMS 0x00000007ec900000, 0x00000007ec900000| Complete 
| 202|0x00000007eca00000, 0x00000007ecb00000, 0x00000007ecb00000|100%| E|CS|TAMS 0x00000007eca00000, 0x00000007eca00000| Complete 
| 203|0x00000007ecb00000, 0x00000007ecc00000, 0x00000007ecc00000|100%| E|CS|TAMS 0x00000007ecb00000, 0x00000007ecb00000| Complete 
| 204|0x00000007ecc00000, 0x00000007ecd00000, 0x00000007ecd00000|100%| E|CS|TAMS 0x00000007ecc00000, 0x00000007ecc00000| Complete 
| 205|0x00000007ecd00000, 0x00000007ece00000, 0x00000007ece00000|100%| E|CS|TAMS 0x00000007ecd00000, 0x00000007ecd00000| Complete 
| 206|0x00000007ece00000, 0x00000007ecf00000, 0x00000007ecf00000|100%| E|CS|TAMS 0x00000007ece00000, 0x00000007ece00000| Complete 
| 207|0x00000007ecf00000, 0x00000007ed000000, 0x00000007ed000000|100%| E|CS|TAMS 0x00000007ecf00000, 0x00000007ecf00000| Complete 
| 208|0x00000007ed000000, 0x00000007ed100000, 0x00000007ed100000|100%| E|CS|TAMS 0x00000007ed000000, 0x00000007ed000000| Complete 
| 209|0x00000007ed100000, 0x00000007ed200000, 0x00000007ed200000|100%| E|CS|TAMS 0x00000007ed100000, 0x00000007ed100000| Complete 
| 210|0x00000007ed200000, 0x00000007ed300000, 0x00000007ed300000|100%| E|CS|TAMS 0x00000007ed200000, 0x00000007ed200000| Complete 
| 211|0x00000007ed300000, 0x00000007ed400000, 0x00000007ed400000|100%| E|CS|TAMS 0x00000007ed300000, 0x00000007ed300000| Complete 
| 212|0x00000007ed400000, 0x00000007ed500000, 0x00000007ed500000|100%| E|CS|TAMS 0x00000007ed400000, 0x00000007ed400000| Complete 
| 213|0x00000007ed500000, 0x00000007ed600000, 0x00000007ed600000|100%| E|CS|TAMS 0x00000007ed500000, 0x00000007ed500000| Complete 
| 214|0x00000007ed600000, 0x00000007ed700000, 0x00000007ed700000|100%| E|CS|TAMS 0x00000007ed600000, 0x00000007ed600000| Complete 
| 215|0x00000007ed700000, 0x00000007ed800000, 0x00000007ed800000|100%| E|CS|TAMS 0x00000007ed700000, 0x00000007ed700000| Complete 
| 216|0x00000007ed800000, 0x00000007ed900000, 0x00000007ed900000|100%| E|CS|TAMS 0x00000007ed800000, 0x00000007ed800000| Complete 
| 217|0x00000007ed900000, 0x00000007eda00000, 0x00000007eda00000|100%| E|CS|TAMS 0x00000007ed900000, 0x00000007ed900000| Complete 
| 218|0x00000007eda00000, 0x00000007edb00000, 0x00000007edb00000|100%| E|CS|TAMS 0x00000007eda00000, 0x00000007eda00000| Complete 
| 219|0x00000007edb00000, 0x00000007edc00000, 0x00000007edc00000|100%| E|CS|TAMS 0x00000007edb00000, 0x00000007edb00000| Complete 
| 220|0x00000007edc00000, 0x00000007edd00000, 0x00000007edd00000|100%| E|CS|TAMS 0x00000007edc00000, 0x00000007edc00000| Complete 
| 221|0x00000007edd00000, 0x00000007ede00000, 0x00000007ede00000|100%| E|CS|TAMS 0x00000007edd00000, 0x00000007edd00000| Complete 
| 222|0x00000007ede00000, 0x00000007edf00000, 0x00000007edf00000|100%| E|CS|TAMS 0x00000007ede00000, 0x00000007ede00000| Complete 
| 223|0x00000007edf00000, 0x00000007ee000000, 0x00000007ee000000|100%| E|CS|TAMS 0x00000007edf00000, 0x00000007edf00000| Complete 
| 224|0x00000007ee000000, 0x00000007ee100000, 0x00000007ee100000|100%| E|CS|TAMS 0x00000007ee000000, 0x00000007ee000000| Complete 
| 225|0x00000007ee100000, 0x00000007ee200000, 0x00000007ee200000|100%| E|CS|TAMS 0x00000007ee100000, 0x00000007ee100000| Complete 
| 226|0x00000007ee200000, 0x00000007ee300000, 0x00000007ee300000|100%| E|CS|TAMS 0x00000007ee200000, 0x00000007ee200000| Complete 
| 227|0x00000007ee300000, 0x00000007ee400000, 0x00000007ee400000|100%| E|CS|TAMS 0x00000007ee300000, 0x00000007ee300000| Complete 
| 228|0x00000007ee400000, 0x00000007ee500000, 0x00000007ee500000|100%| E|CS|TAMS 0x00000007ee400000, 0x00000007ee400000| Complete 
| 229|0x00000007ee500000, 0x00000007ee600000, 0x00000007ee600000|100%| E|CS|TAMS 0x00000007ee500000, 0x00000007ee500000| Complete 
| 230|0x00000007ee600000, 0x00000007ee700000, 0x00000007ee700000|100%| E|CS|TAMS 0x00000007ee600000, 0x00000007ee600000| Complete 
| 231|0x00000007ee700000, 0x00000007ee800000, 0x00000007ee800000|100%| E|CS|TAMS 0x00000007ee700000, 0x00000007ee700000| Complete 
| 232|0x00000007ee800000, 0x00000007ee900000, 0x00000007ee900000|100%| E|CS|TAMS 0x00000007ee800000, 0x00000007ee800000| Complete 
| 233|0x00000007ee900000, 0x00000007eea00000, 0x00000007eea00000|100%| E|CS|TAMS 0x00000007ee900000, 0x00000007ee900000| Complete 
| 234|0x00000007eea00000, 0x00000007eeb00000, 0x00000007eeb00000|100%| E|CS|TAMS 0x00000007eea00000, 0x00000007eea00000| Complete 
| 235|0x00000007eeb00000, 0x00000007eec00000, 0x00000007eec00000|100%| E|CS|TAMS 0x00000007eeb00000, 0x00000007eeb00000| Complete 
| 236|0x00000007eec00000, 0x00000007eed00000, 0x00000007eed00000|100%| E|CS|TAMS 0x00000007eec00000, 0x00000007eec00000| Complete 
| 237|0x00000007eed00000, 0x00000007eee00000, 0x00000007eee00000|100%| E|CS|TAMS 0x00000007eed00000, 0x00000007eed00000| Complete 
| 238|0x00000007eee00000, 0x00000007eef00000, 0x00000007eef00000|100%| E|CS|TAMS 0x00000007eee00000, 0x00000007eee00000| Complete 
| 239|0x00000007eef00000, 0x00000007ef000000, 0x00000007ef000000|100%| E|CS|TAMS 0x00000007eef00000, 0x00000007eef00000| Complete 
| 240|0x00000007ef000000, 0x00000007ef100000, 0x00000007ef100000|100%| E|CS|TAMS 0x00000007ef000000, 0x00000007ef000000| Complete 
| 241|0x00000007ef100000, 0x00000007ef200000, 0x00000007ef200000|100%| E|CS|TAMS 0x00000007ef100000, 0x00000007ef100000| Complete 
| 242|0x00000007ef200000, 0x00000007ef300000, 0x00000007ef300000|100%| E|CS|TAMS 0x00000007ef200000, 0x00000007ef200000| Complete 
| 243|0x00000007ef300000, 0x00000007ef400000, 0x00000007ef400000|100%| E|CS|TAMS 0x00000007ef300000, 0x00000007ef300000| Complete 
| 244|0x00000007ef400000, 0x00000007ef500000, 0x00000007ef500000|100%| E|CS|TAMS 0x00000007ef400000, 0x00000007ef400000| Complete 
| 245|0x00000007ef500000, 0x00000007ef600000, 0x00000007ef600000|100%| E|CS|TAMS 0x00000007ef500000, 0x00000007ef500000| Complete 
| 246|0x00000007ef600000, 0x00000007ef700000, 0x00000007ef700000|100%| E|CS|TAMS 0x00000007ef600000, 0x00000007ef600000| Complete 
| 247|0x00000007ef700000, 0x00000007ef800000, 0x00000007ef800000|100%| E|CS|TAMS 0x00000007ef700000, 0x00000007ef700000| Complete 
| 248|0x00000007ef800000, 0x00000007ef900000, 0x00000007ef900000|100%| E|CS|TAMS 0x00000007ef800000, 0x00000007ef800000| Complete 
| 249|0x00000007ef900000, 0x00000007efa00000, 0x00000007efa00000|100%| E|CS|TAMS 0x00000007ef900000, 0x00000007ef900000| Complete 
| 250|0x00000007efa00000, 0x00000007efb00000, 0x00000007efb00000|100%| E|CS|TAMS 0x00000007efa00000, 0x00000007efa00000| Complete 
| 251|0x00000007efb00000, 0x00000007efc00000, 0x00000007efc00000|100%| E|CS|TAMS 0x00000007efb00000, 0x00000007efb00000| Complete 
| 252|0x00000007efc00000, 0x00000007efd00000, 0x00000007efd00000|100%| E|CS|TAMS 0x00000007efc00000, 0x00000007efc00000| Complete 
| 253|0x00000007efd00000, 0x00000007efe00000, 0x00000007efe00000|100%| E|CS|TAMS 0x00000007efd00000, 0x00000007efd00000| Complete 
| 254|0x00000007efe00000, 0x00000007eff00000, 0x00000007eff00000|100%| E|CS|TAMS 0x00000007efe00000, 0x00000007efe00000| Complete 
| 255|0x00000007eff00000, 0x00000007f0000000, 0x00000007f0000000|100%| E|CS|TAMS 0x00000007eff00000, 0x00000007eff00000| Complete 

Card table byte_map: [0x0000000106439000,0x0000000106539000] _byte_map_base: 0x0000000102539000

Marking Bits (Prev, Next): (CMBitMap*) 0x00007faaf5813a18, (CMBitMap*) 0x00007faaf5813a50
 Prev Bits: [0x0000000106639000, 0x0000000106e39000)
 Next Bits: [0x000000011f540000, 0x000000011fd40000)

Polling page: 0x000000010600b000

Metaspace:

Usage:
  Non-class:     47.56 MB capacity,    46.45 MB ( 98%) used,   986.30 KB (  2%) free+waste,   149.88 KB ( <1%) overhead. 
      Class:      7.56 MB capacity,     6.90 MB ( 91%) used,   608.12 KB (  8%) free+waste,    71.44 KB ( <1%) overhead. 
       Both:     55.12 MB capacity,    53.35 MB ( 97%) used,     1.56 MB (  3%) free+waste,   221.31 KB ( <1%) overhead. 

Virtual space:
  Non-class space:       48.00 MB reserved,      47.67 MB (>99%) committed 
      Class space:      248.00 MB reserved,       7.62 MB (  3%) committed 
             Both:      296.00 MB reserved,      55.30 MB ( 19%) committed 

Chunk freelists:
   Non-Class:  3.25 KB
       Class:  384 bytes
        Both:  3.62 KB

CodeHeap 'non-profiled nmethods': size=120032Kb used=3686Kb max_used=3686Kb free=116345Kb
 bounds [0x0000000118008000, 0x00000001183a8000, 0x000000011f540000]
CodeHeap 'profiled nmethods': size=120028Kb used=14492Kb max_used=14492Kb free=105535Kb
 bounds [0x0000000110ad1000, 0x0000000111901000, 0x0000000118008000]
CodeHeap 'non-nmethods': size=5700Kb used=2250Kb max_used=2355Kb free=3449Kb
 bounds [0x0000000110540000, 0x00000001107b0000, 0x0000000110ad1000]
 total_blobs=7433 nmethods=6689 adapters=664
 compilation: enabled
              stopped_count=0, restarted_count=0
 full_count=0

Compilation events (10 events):
Event: 7.924 Thread 0x00007faaf582e000 6747       3       com.google.common.collect.ImmutableSet::construct (252 bytes)
Event: 7.927 Thread 0x00007faaf582e000 nmethod 6747 0x00000001118f3690 code [0x00000001118f3aa0, 0x00000001118f5be0]
Event: 7.927 Thread 0x00007faaf582e000 6745       3       org.gradle.api.internal.tasks.compile.incremental.deps.DependentsSet::dependentClasses (9 bytes)
Event: 7.927 Thread 0x00007faaf582d000 nmethod 6734 0x00000001183a1190 code [0x00000001183a1320, 0x00000001183a16d8]
Event: 7.927 Thread 0x00007faaf582d000 6749       4       org.gradle.api.internal.tasks.compile.incremental.deps.ClassSetAnalysisData$Serializer::readClassName (63 bytes)
Event: 7.927 Thread 0x00007faaf582e000 nmethod 6745 0x00000001118f6a10 code [0x00000001118f6bc0, 0x00000001118f6d40]
Event: 7.927 Thread 0x00007faaf582e000 6746       3       org.gradle.api.internal.tasks.compile.incremental.deps.DependentsSet::dependents (52 bytes)
Event: 7.928 Thread 0x00007faaf582e000 nmethod 6746 0x00000001118f6e10 code [0x00000001118f7060, 0x00000001118f7940]
Event: 7.928 Thread 0x00007faaf582e000 6751       3       com.google.common.collect.MapMakerInternalMap$Segment::copyEntry (19 bytes)
Event: 7.928 Thread 0x00007faaf582e000 nmethod 6751 0x00000001118f7c10 code [0x00000001118f7dc0, 0x00000001118f8090]

GC Heap History (10 events):
Event: 2.104 GC heap after
{Heap after GC invocations=2 (full 0):
 garbage-first heap   total 262144K, used 15948K [0x00000007e0000000, 0x0000000800000000)
  region size 1024K, 11 young (11264K), 11 survivors (11264K)
 Metaspace       used 20666K, capacity 21180K, committed 21296K, reserved 274432K
  class space    used 2508K, capacity 2672K, committed 2688K, reserved 253952K
}
Event: 2.790 GC heap before
{Heap before GC invocations=3 (full 0):
 garbage-first heap   total 262144K, used 54860K [0x00000007e0000000, 0x0000000800000000)
  region size 1024K, 49 young (50176K), 11 survivors (11264K)
 Metaspace       used 25243K, capacity 25897K, committed 26288K, reserved 278528K
  class space    used 3233K, capacity 3458K, committed 3584K, reserved 253952K
}
Event: 2.810 GC heap after
{Heap after GC invocations=4 (full 0):
 garbage-first heap   total 262144K, used 17325K [0x00000007e0000000, 0x0000000800000000)
  region size 1024K, 2 young (2048K), 2 survivors (2048K)
 Metaspace       used 25243K, capacity 25897K, committed 26288K, reserved 278528K
  class space    used 3233K, capacity 3458K, committed 3584K, reserved 253952K
}
Event: 3.664 GC heap before
{Heap before GC invocations=4 (full 0):
 garbage-first heap   total 262144K, used 72621K [0x00000007e0000000, 0x0000000800000000)
  region size 1024K, 58 young (59392K), 2 survivors (2048K)
 Metaspace       used 34773K, capacity 35532K, committed 35888K, reserved 286720K
  class space    used 4450K, capacity 4711K, committed 4736K, reserved 253952K
}
Event: 3.669 GC heap after
{Heap after GC invocations=5 (full 0):
 garbage-first heap   total 262144K, used 20798K [0x00000007e0000000, 0x0000000800000000)
  region size 1024K, 6 young (6144K), 6 survivors (6144K)
 Metaspace       used 34773K, capacity 35532K, committed 35888K, reserved 286720K
  class space    used 4450K, capacity 4711K, committed 4736K, reserved 253952K
}
Event: 4.874 GC heap before
{Heap before GC invocations=6 (full 0):
 garbage-first heap   total 262144K, used 115006K [0x00000007e0000000, 0x0000000800000000)
  region size 1024K, 95 young (97280K), 6 survivors (6144K)
 Metaspace       used 43293K, capacity 44433K, committed 44720K, reserved 292864K
  class space    used 5506K, capacity 5838K, committed 5888K, reserved 253952K
}
Event: 4.888 GC heap after
{Heap after GC invocations=7 (full 0):
 garbage-first heap   total 262144K, used 26290K [0x00000007e0000000, 0x0000000800000000)
  region size 1024K, 11 young (11264K), 11 survivors (11264K)
 Metaspace       used 43293K, capacity 44433K, committed 44720K, reserved 292864K
  class space    used 5506K, capacity 5838K, committed 5888K, reserved 253952K
}
Event: 6.601 GC heap before
{Heap before GC invocations=7 (full 0):
 garbage-first heap   total 262144K, used 170674K [0x00000007e0000000, 0x0000000800000000)
  region size 1024K, 153 young (156672K), 11 survivors (11264K)
 Metaspace       used 52185K, capacity 53936K, committed 54192K, reserved 301056K
  class space    used 6819K, capacity 7408K, committed 7424K, reserved 253952K
}
Event: 6.624 GC heap after
{Heap after GC invocations=8 (full 0):
 garbage-first heap   total 262144K, used 37175K [0x00000007e0000000, 0x0000000800000000)
  region size 1024K, 20 young (20480K), 20 survivors (20480K)
 Metaspace       used 52185K, capacity 53936K, committed 54192K, reserved 301056K
  class space    used 6819K, capacity 7408K, committed 7424K, reserved 253952K
}
Event: 7.930 GC heap before
{Heap before GC invocations=8 (full 0):
 garbage-first heap   total 262144K, used 173367K [0x00000007e0000000, 0x0000000800000000)
  region size 1024K, 153 young (156672K), 20 survivors (20480K)
 Metaspace       used 54631K, capacity 56447K, committed 56624K, reserved 303104K
  class space    used 7061K, capacity 7741K, committed 7808K, reserved 253952K
}

Deoptimization events (10 events):
Event: 6.705 Thread 0x00007faaf3084800 Uncommon trap: reason=unstable_if action=reinterpret pc=0x00000001182b246c method=io.spring.gradle.dependencymanagement.org.codehaus.plexus.util.xml.pull.MXParser.nextImpl()I @ 871 c2
Event: 7.000 Thread 0x00007faaf3084800 Uncommon trap: reason=unstable_if action=reinterpret pc=0x0000000118221c30 method=java.util.concurrent.ConcurrentHashMap.computeIfAbsent(Ljava/lang/Object;Ljava/util/function/Function;)Ljava/lang/Object; @ 312 c2
Event: 7.025 Thread 0x00007faaf3084800 Uncommon trap: reason=unstable_if action=reinterpret pc=0x000000011830a020 method=com.esotericsoftware.kryo.io.Input.readString()Ljava/lang/String; @ 28 c2
Event: 7.026 Thread 0x00007faaf3084800 Uncommon trap: reason=unstable_if action=reinterpret pc=0x00000001181f4888 method=com.esotericsoftware.kryo.io.Input.require(I)I @ 65 c2
Event: 7.106 Thread 0x00007faaf3084800 Uncommon trap: reason=unstable_if action=reinterpret pc=0x00000001182cc374 method=io.spring.gradle.dependencymanagement.org.codehaus.plexus.util.xml.pull.MXParser.nextImpl()I @ 954 c2
Event: 7.469 Thread 0x00007faaf3084800 Uncommon trap: reason=unstable_if action=reinterpret pc=0x0000000118366bd4 method=io.spring.gradle.dependencymanagement.org.codehaus.plexus.util.xml.pull.MXParser.parseStartTag()I @ 101 c2
Event: 7.510 Thread 0x00007faaf3084800 Uncommon trap: reason=unstable_if action=reinterpret pc=0x0000000118061b1c method=java.lang.StringUTF16.compress([CI[BII)I @ 20 c2
Event: 7.769 Thread 0x00007faaf3084800 Uncommon trap: reason=unstable_if action=reinterpret pc=0x000000011838e798 method=java.util.HashMap$HashIterator.<init>(Ljava/util/HashMap;)V @ 45 c2
Event: 7.913 Thread 0x00007faafab69800 Uncommon trap: reason=class_check action=maybe_recompile pc=0x00000001182d5020 method=java.util.concurrent.ConcurrentHashMap.putVal(Ljava/lang/Object;Ljava/lang/Object;Z)Ljava/lang/Object; @ 159 c2
Event: 7.913 Thread 0x00007faafab54000 Uncommon trap: reason=class_check action=maybe_recompile pc=0x00000001182d5020 method=java.util.concurrent.ConcurrentHashMap.putVal(Ljava/lang/Object;Ljava/lang/Object;Z)Ljava/lang/Object; @ 159 c2

Classes redefined (0 events):
No events

Internal exceptions (10 events):
Event: 6.221 Thread 0x00007faaf6266000 Exception <a 'java/lang/ClassNotFoundException'{0x00000007e78c4508}: java/util/ArrayListCustomizer> (0x00000007e78c4508) thrown at [./open/src/hotspot/share/classfile/systemDictionary.cpp, line 228]
Event: 6.245 Thread 0x00007faaf3084800 Exception <a 'java/lang/NoSuchMethodError'{0x00000007e7618ba8}: java.lang.invoke.DirectMethodHandle$Holder.invokeSpecial(Ljava/lang/Object;Ljava/lang/Object;Ljava/lang/Object;Ljava/lang/Object;Ljava/lang/Object;Ljava/lang/Object;Ljava/lang/Object;Ljava/la
Event: 6.245 Thread 0x00007faaf3084800 Exception <a 'java/lang/NoSuchMethodError'{0x00000007e761caf8}: java.lang.invoke.Invokers$Holder.linkToTargetMethod(Ljava/lang/Object;Ljava/lang/Object;Ljava/lang/Object;Ljava/lang/Object;Ljava/lang/Object;Ljava/lang/Object;Ljava/lang/Object;Ljava/lang/Ob
Event: 6.286 Thread 0x00007faaf2b60800 Exception <a 'java/lang/NoSuchMethodError'{0x00000007eff0ec40}: static Lorg/gradle/internal/build/event/types/DefaultTaskStartedProgressEvent;.<clinit>()V> (0x00000007eff0ec40) thrown at [./open/src/hotspot/share/prims/jni.cpp, line 1366]
Event: 6.286 Thread 0x00007faaf2b60800 Exception <a 'java/lang/NoSuchMethodError'{0x00000007eff10258}: static Lorg/gradle/internal/build/event/types/AbstractProgressEvent;.<clinit>()V> (0x00000007eff10258) thrown at [./open/src/hotspot/share/prims/jni.cpp, line 1366]
Event: 6.287 Thread 0x00007faaf2b60800 Exception <a 'java/lang/NoSuchMethodError'{0x00000007eff19958}: static Lorg/gradle/internal/build/event/types/DefaultTaskDescriptor;.<clinit>()V> (0x00000007eff19958) thrown at [./open/src/hotspot/share/prims/jni.cpp, line 1366]
Event: 6.288 Thread 0x00007faaf2b60800 Exception <a 'java/lang/NoSuchMethodError'{0x00000007e73ff590}: static Lorg/gradle/internal/operations/OperationIdentifier;.<clinit>()V> (0x00000007e73ff590) thrown at [./open/src/hotspot/share/prims/jni.cpp, line 1366]
Event: 6.290 Thread 0x00007faaf2b60800 Exception <a 'java/lang/NoSuchMethodError'{0x00000007e72079e8}: static Lorg/gradle/internal/build/event/types/DefaultBinaryPluginIdentifier;.<clinit>()V> (0x00000007e72079e8) thrown at [./open/src/hotspot/share/prims/jni.cpp, line 1366]
Event: 7.807 Thread 0x00007faaf3084800 Exception <a 'java/lang/NoSuchMethodError'{0x00000007e8349310}: java.lang.invoke.DirectMethodHandle$Holder.invokeStatic(Ljava/lang/Object;Ljava/lang/Object;Ljava/lang/Object;Ljava/lang/Object;ILjava/lang/Object;)V> (0x00000007e8349310) thrown at [./open/s
Event: 7.852 Thread 0x00007faaf3084800 Exception <a 'java/lang/NoSuchMethodError'{0x00000007e81619e8}: java.lang.invoke.DirectMethodHandle$Holder.invokeVirtual(Ljava/lang/Object;Ljava/lang/Object;)V> (0x00000007e81619e8) thrown at [./open/src/hotspot/share/interpreter/linkResolver.cpp, line 77

Events (10 events):
Event: 7.928 Thread 0x00007faafb6e2800 DEOPT UNPACKING pc=0x0000000110576bca sp=0x00007000080d5328 mode 1
Event: 7.929 loading class it/unimi/dsi/fastutil/ints/IntIterator
Event: 7.929 loading class it/unimi/dsi/fastutil/ints/IntIterator done
Event: 7.929 Thread 0x00007faafb6e2800 DEOPT PACKING pc=0x0000000110bb77e1 sp=0x00007000080d9f50
Event: 7.929 Thread 0x00007faafb6e2800 DEOPT UNPACKING pc=0x0000000110576bca sp=0x00007000080d9418 mode 1
Event: 7.929 Thread 0x00007faafb6e2800 DEOPT PACKING pc=0x00000001114b1394 sp=0x00007000080d9fb0
Event: 7.929 Thread 0x00007faafb6e2800 DEOPT UNPACKING pc=0x0000000110576bca sp=0x00007000080d9568 mode 1
Event: 7.929 Thread 0x00007faafb6e2800 DEOPT PACKING pc=0x00000001114b1394 sp=0x00007000080da140
Event: 7.929 Thread 0x00007faafb6e2800 DEOPT UNPACKING pc=0x0000000110576bca sp=0x00007000080d96f8 mode 1
Event: 7.929 Executing VM operation: G1CollectForAllocation


Dynamic libraries:
0x000000010600d000 	/Library/Java/JavaVirtualMachines/jdk-11.0.12.jdk/Contents/Home/lib/jli/libjli.dylib
0x00007ff830ba8000 	/System/Library/Frameworks/Cocoa.framework/Versions/A/Cocoa
0x00007ff81c9e6000 	/System/Library/Frameworks/AppKit.framework/Versions/C/AppKit
0x00007ff81fed3000 	/System/Library/Frameworks/CoreData.framework/Versions/A/CoreData
0x00007ff81ae01000 	/System/Library/Frameworks/Foundation.framework/Versions/C/Foundation
0x00007ff824d48000 	/usr/lib/libSystem.B.dylib
0x00007ff81d873000 	/System/Library/PrivateFrameworks/UIFoundation.framework/Versions/A/UIFoundation
0x00007ff82ab80000 	/System/Library/PrivateFrameworks/RemoteViewServices.framework/Versions/A/RemoteViewServices
0x00007ff822ef4000 	/System/Library/PrivateFrameworks/XCTTargetBootstrap.framework/Versions/A/XCTTargetBootstrap
0x00007ff826b57000 	/System/Library/PrivateFrameworks/InternationalSupport.framework/Versions/A/InternationalSupport
0x00007ff826be1000 	/System/Library/PrivateFrameworks/UserActivity.framework/Versions/A/UserActivity
0x00007ff825f37000 	/usr/lib/libspindump.dylib
0x00007ff81db01000 	/System/Library/Frameworks/UniformTypeIdentifiers.framework/Versions/A/UniformTypeIdentifiers
0x00007ff821633000 	/usr/lib/libapp_launch_measurement.dylib
0x00007ff82089d000 	/System/Library/PrivateFrameworks/CoreAnalytics.framework/Versions/A/CoreAnalytics
0x00007ff821636000 	/System/Library/PrivateFrameworks/CoreAutoLayout.framework/Versions/A/CoreAutoLayout
0x00007ff822855000 	/System/Library/Frameworks/Metal.framework/Versions/A/Metal
0x00007ff82356a000 	/usr/lib/liblangid.dylib
0x00007ff822ef8000 	/System/Library/PrivateFrameworks/CoreSVG.framework/Versions/A/CoreSVG
0x00007ff81eec3000 	/System/Library/PrivateFrameworks/SkyLight.framework/Versions/A/SkyLight
0x00007ff81f254000 	/System/Library/Frameworks/CoreGraphics.framework/Versions/A/CoreGraphics
0x00007ff82b1eb000 	/System/Library/Frameworks/Accelerate.framework/Versions/A/Accelerate
0x00007ff8259b2000 	/System/Library/PrivateFrameworks/IconServices.framework/Versions/A/IconServices
0x00007ff82283a000 	/System/Library/Frameworks/IOSurface.framework/Versions/A/IOSurface
0x00007ff8208cb000 	/usr/lib/libDiagnosticMessagesClient.dylib
0x00007ff824c68000 	/usr/lib/libz.1.dylib
0x00007ff82e84a000 	/System/Library/Frameworks/ApplicationServices.framework/Versions/A/ApplicationServices
0x00007ff822ee0000 	/System/Library/PrivateFrameworks/DFRFoundation.framework/Versions/A/DFRFoundation
0x00007ff81c2d7000 	/usr/lib/libicucore.A.dylib
0x00007ff827879000 	/System/Library/Frameworks/AudioToolbox.framework/Versions/A/AudioToolbox
0x00007ff826b63000 	/System/Library/PrivateFrameworks/DataDetectorsCore.framework/Versions/A/DataDetectorsCore
0x00007ff9223a9000 	/System/Library/PrivateFrameworks/TextInput.framework/Versions/A/TextInput
0x00007ff81ee46000 	/usr/lib/libMobileGestalt.dylib
0x00007ff822be8000 	/System/Library/Frameworks/Carbon.framework/Versions/A/Frameworks/HIToolbox.framework/Versions/A/HIToolbox
0x00007ff821061000 	/System/Library/Frameworks/QuartzCore.framework/Versions/A/QuartzCore
0x00007ff81bf78000 	/System/Library/Frameworks/Security.framework/Versions/A/Security
0x00007ff82abb8000 	/System/Library/Frameworks/Carbon.framework/Versions/A/Frameworks/SpeechRecognition.framework/Versions/A/SpeechRecognition
0x00007ff821393000 	/System/Library/PrivateFrameworks/CoreUI.framework/Versions/A/CoreUI
0x00007ff81b852000 	/System/Library/Frameworks/CoreAudio.framework/Versions/A/CoreAudio
0x00007ff8209b9000 	/System/Library/Frameworks/DiskArbitration.framework/Versions/A/DiskArbitration
0x00007ff82631e000 	/System/Library/PrivateFrameworks/MultitouchSupport.framework/Versions/A/MultitouchSupport
0x00007ff81ee45000 	/usr/lib/libenergytrace.dylib
0x00007ff81c8d2000 	/System/Library/Frameworks/IOKit.framework/Versions/A/IOKit
0x00007ff82afa2000 	/System/Library/Frameworks/CoreServices.framework/Versions/A/CoreServices
0x00007ff8215cd000 	/System/Library/PrivateFrameworks/PerformanceAnalysis.framework/Versions/A/PerformanceAnalysis
0x00007ffa3196a000 	/System/Library/Frameworks/OpenGL.framework/Versions/A/OpenGL
0x00007ff8242a0000 	/System/Library/PrivateFrameworks/MobileKeyBag.framework/Versions/A/MobileKeyBag
0x00007ff819dc2000 	/usr/lib/libobjc.A.dylib
0x00007ff81f920000 	/System/Library/Frameworks/ColorSync.framework/Versions/A/ColorSync
0x00007ff819f7b000 	/System/Library/Frameworks/CoreFoundation.framework/Versions/A/CoreFoundation
0x00007ff823171000 	/System/Library/Frameworks/CoreImage.framework/Versions/A/CoreImage
0x00007ff81b668000 	/System/Library/Frameworks/CoreText.framework/Versions/A/CoreText
0x00007ff822f27000 	/System/Library/Frameworks/ImageIO.framework/Versions/A/ImageIO
0x00007ff824d4e000 	/System/Library/PrivateFrameworks/SoftLinking.framework/Versions/A/SoftLinking
0x00007ff82167e000 	/usr/lib/libxml2.2.dylib
0x00007ff819e88000 	/usr/lib/libc++.1.dylib
0x00007ff824fd1000 	/usr/lib/libcompression.dylib
0x00007ff826a8d000 	/System/Library/PrivateFrameworks/TextureIO.framework/Versions/A/TextureIO
0x00007ff8256c4000 	/usr/lib/libate.dylib
0x00007ff824d43000 	/usr/lib/system/libcache.dylib
0x00007ff824cff000 	/usr/lib/system/libcommonCrypto.dylib
0x00007ff824d28000 	/usr/lib/system/libcompiler_rt.dylib
0x00007ff824d1e000 	/usr/lib/system/libcopyfile.dylib
0x00007ff819cbc000 	/usr/lib/system/libcorecrypto.dylib
0x00007ff819d7b000 	/usr/lib/system/libdispatch.dylib
0x00007ff819f3a000 	/usr/lib/system/libdyld.dylib
0x00007ff824d3a000 	/usr/lib/system/libkeymgr.dylib
0x00007ff824cdd000 	/usr/lib/system/libmacho.dylib
0x00007ff824374000 	/usr/lib/system/libquarantine.dylib
0x00007ff824d38000 	/usr/lib/system/libremovefile.dylib
0x00007ff81ee92000 	/usr/lib/system/libsystem_asl.dylib
0x00007ff819c6a000 	/usr/lib/system/libsystem_blocks.dylib
0x00007ff819dff000 	/usr/lib/system/libsystem_c.dylib
0x00007ff824d30000 	/usr/lib/system/libsystem_collections.dylib
0x00007ff82355b000 	/usr/lib/system/libsystem_configuration.dylib
0x00007ff82281d000 	/usr/lib/system/libsystem_containermanager.dylib
0x00007ff824a1c000 	/usr/lib/system/libsystem_coreservices.dylib
0x00007ff81c560000 	/usr/lib/system/libsystem_darwin.dylib
0x00007ff824d3b000 	/usr/lib/system/libsystem_dnssd.dylib
0x00007ff819dfc000 	/usr/lib/system/libsystem_featureflags.dylib
0x00007ff819f50000 	/usr/lib/system/libsystem_info.dylib
0x00007ff824c7b000 	/usr/lib/system/libsystem_m.dylib
0x00007ff819d4f000 	/usr/lib/system/libsystem_malloc.dylib
0x00007ff81ee2f000 	/usr/lib/system/libsystem_networkextension.dylib
0x00007ff81c988000 	/usr/lib/system/libsystem_notify.dylib
0x00007ff82ae79000 	/usr/lib/system/libsystem_product_info_filter.dylib
0x00007ff82355f000 	/usr/lib/system/libsystem_sandbox.dylib
0x00007ff824d35000 	/usr/lib/system/libsystem_secinit.dylib
0x00007ff819ef7000 	/usr/lib/system/libsystem_kernel.dylib
0x00007ff819f46000 	/usr/lib/system/libsystem_platform.dylib
0x00007ff819f2e000 	/usr/lib/system/libsystem_pthread.dylib
0x00007ff8206e3000 	/usr/lib/system/libsystem_symptoms.dylib
0x00007ff819ca3000 	/usr/lib/system/libsystem_trace.dylib
0x00007ff824d0b000 	/usr/lib/system/libunwind.dylib
0x00007ff819c6c000 	/usr/lib/system/libxpc.dylib
0x00007ff819ee1000 	/usr/lib/libc++abi.dylib
0x00007ff824d16000 	/usr/lib/liboah.dylib
0x00007ff8254a2000 	/usr/lib/liblzma.5.dylib
0x00007ff81ab12000 	/System/Library/Frameworks/SystemConfiguration.framework/Versions/A/SystemConfiguration
0x00007ff824d4a000 	/usr/lib/libfakelink.dylib
0x00007ff81e999000 	/System/Library/Frameworks/CFNetwork.framework/Versions/A/CFNetwork
0x00007ff824e89000 	/usr/lib/libarchive.2.dylib
0x00007ff823566000 	/System/Library/PrivateFrameworks/AppleSystemInfo.framework/Versions/A/AppleSystemInfo
0x00007ff82439a000 	/usr/lib/libbsm.0.dylib
0x00007ff81dfd0000 	/usr/lib/libnetwork.dylib
0x00007ff824ce3000 	/usr/lib/system/libkxld.dylib
0x00007ff823fc9000 	/System/Library/PrivateFrameworks/IOMobileFramebuffer.framework/Versions/A/IOMobileFramebuffer
0x00007ffb2f453000 	/usr/lib/libCoreEntitlements.dylib
0x00007ff8249fe000 	/System/Library/PrivateFrameworks/AppleFSCompression.framework/Versions/A/AppleFSCompression
0x00007ff824383000 	/usr/lib/libcoretls.dylib
0x00007ff8254bc000 	/usr/lib/libcoretls_cfhelpers.dylib
0x00007ff824fcc000 	/usr/lib/libpam.2.dylib
0x00007ff820305000 	/usr/lib/libsqlite3.dylib
0x00007ff82552b000 	/usr/lib/libxar.1.dylib
0x00007ff824a0e000 	/usr/lib/libbz2.1.0.dylib
0x00007ff824d4f000 	/usr/lib/libpcap.A.dylib
0x00007ff8206da000 	/usr/lib/libdns_services.dylib
0x00007ff824f9b000 	/usr/lib/libapple_nghttp2.dylib
0x00007ff824d86000 	/usr/lib/libiconv.2.dylib
0x00007ff824cdc000 	/usr/lib/libcharset.1.dylib
0x00007ff821601000 	/System/Library/Frameworks/CoreServices.framework/Versions/A/Frameworks/FSEvents.framework/Versions/A/FSEvents
0x00007ff81c56a000 	/System/Library/Frameworks/CoreServices.framework/Versions/A/Frameworks/CarbonCore.framework/Versions/A/CarbonCore
0x00007ff82091e000 	/System/Library/Frameworks/CoreServices.framework/Versions/A/Frameworks/Metadata.framework/Versions/A/Metadata
0x00007ff824a21000 	/System/Library/Frameworks/CoreServices.framework/Versions/A/Frameworks/OSServices.framework/Versions/A/OSServices
0x00007ff824f0f000 	/System/Library/Frameworks/CoreServices.framework/Versions/A/Frameworks/SearchKit.framework/Versions/A/SearchKit
0x00007ff82066c000 	/System/Library/Frameworks/CoreServices.framework/Versions/A/Frameworks/AE.framework/Versions/A/AE
0x00007ff81a47e000 	/System/Library/Frameworks/CoreServices.framework/Versions/A/Frameworks/LaunchServices.framework/Versions/A/LaunchServices
0x00007ff825453000 	/System/Library/Frameworks/CoreServices.framework/Versions/A/Frameworks/DictionaryServices.framework/Versions/A/DictionaryServices
0x00007ff82160e000 	/System/Library/Frameworks/CoreServices.framework/Versions/A/Frameworks/SharedFileList.framework/Versions/A/SharedFileList
0x00007ff824377000 	/usr/lib/libCheckFix.dylib
0x00007ff81eea9000 	/System/Library/PrivateFrameworks/TCC.framework/Versions/A/TCC
0x00007ff82356c000 	/System/Library/PrivateFrameworks/CoreNLP.framework/Versions/A/CoreNLP
0x00007ff8208ce000 	/System/Library/PrivateFrameworks/MetadataUtilities.framework/Versions/A/MetadataUtilities
0x00007ff81abc2000 	/usr/lib/libmecabra.dylib
0x00007ff8243aa000 	/usr/lib/libmecab.dylib
0x00007ff81ab8d000 	/usr/lib/libCRFSuite.dylib
0x00007ff824407000 	/usr/lib/libgermantok.dylib
0x00007ff824f76000 	/usr/lib/libThaiTokenizer.dylib
0x00007ff8209c0000 	/System/Library/Frameworks/Accelerate.framework/Versions/A/Frameworks/vImage.framework/Versions/A/vImage
0x00007ff82af79000 	/System/Library/Frameworks/Accelerate.framework/Versions/A/Frameworks/vecLib.framework/Versions/A/vecLib
0x00007ff82556c000 	/System/Library/Frameworks/Accelerate.framework/Versions/A/Frameworks/vecLib.framework/Versions/A/libvMisc.dylib
0x00007ff823de7000 	/System/Library/Frameworks/Accelerate.framework/Versions/A/Frameworks/vecLib.framework/Versions/A/libvDSP.dylib
0x00007ff81a7f6000 	/System/Library/Frameworks/Accelerate.framework/Versions/A/Frameworks/vecLib.framework/Versions/A/libBLAS.dylib
0x00007ff8250ad000 	/System/Library/Frameworks/Accelerate.framework/Versions/A/Frameworks/vecLib.framework/Versions/A/libLAPACK.dylib
0x00007ff82440a000 	/System/Library/Frameworks/Accelerate.framework/Versions/A/Frameworks/vecLib.framework/Versions/A/libLinearAlgebra.dylib
0x00007ff824fb4000 	/System/Library/Frameworks/Accelerate.framework/Versions/A/Frameworks/vecLib.framework/Versions/A/libSparseBLAS.dylib
0x00007ff8250a7000 	/System/Library/Frameworks/Accelerate.framework/Versions/A/Frameworks/vecLib.framework/Versions/A/libQuadrature.dylib
0x00007ff823656000 	/System/Library/Frameworks/Accelerate.framework/Versions/A/Frameworks/vecLib.framework/Versions/A/libBNNS.dylib
0x00007ff81aaa3000 	/System/Library/Frameworks/Accelerate.framework/Versions/A/Frameworks/vecLib.framework/Versions/A/libSparse.dylib
0x00007ff82364f000 	/System/Library/PrivateFrameworks/LinguisticData.framework/Versions/A/LinguisticData
0x00007ff81aa58000 	/System/Library/PrivateFrameworks/Lexicon.framework/Versions/A/Lexicon
0x00007ff825565000 	/usr/lib/libChineseTokenizer.dylib
0x00007ff81b1bc000 	/System/Library/PrivateFrameworks/LanguageModeling.framework/Versions/A/LanguageModeling
0x00007ff824f78000 	/System/Library/PrivateFrameworks/AppleSauce.framework/Versions/A/AppleSauce
0x00007ff823fb7000 	/System/Library/PrivateFrameworks/CoreEmoji.framework/Versions/A/CoreEmoji
0x00007ff824e78000 	/usr/lib/libcmph.dylib
0x00007ff8215e5000 	/System/Library/Frameworks/OpenDirectory.framework/Versions/A/Frameworks/CFOpenDirectory.framework/Versions/A/CFOpenDirectory
0x00007ff8215d9000 	/System/Library/Frameworks/OpenDirectory.framework/Versions/A/OpenDirectory
0x00007ff8254be000 	/System/Library/PrivateFrameworks/APFS.framework/Versions/A/APFS
0x00007ff8242d8000 	/System/Library/Frameworks/SecurityFoundation.framework/Versions/A/SecurityFoundation
0x00007ff825539000 	/usr/lib/libutil.dylib
0x00007ff81c895000 	/System/Library/PrivateFrameworks/CoreServicesStore.framework/Versions/A/CoreServicesStore
0x00007ff82553d000 	/usr/lib/libxslt.1.dylib
0x00007ff824365000 	/System/Library/PrivateFrameworks/BackgroundTaskManagement.framework/Versions/A/BackgroundTaskManagement
0x00007ff8269ad000 	/System/Library/Frameworks/ImageIO.framework/Versions/A/Resources/libRadiance.dylib
0x00007ff8269b6000 	/System/Library/Frameworks/ImageIO.framework/Versions/A/Resources/libJPEG.dylib
0x00007ff826906000 	/System/Library/Frameworks/ImageIO.framework/Versions/A/Resources/libPng.dylib
0x00007ff826927000 	/System/Library/Frameworks/ImageIO.framework/Versions/A/Resources/libTIFF.dylib
0x00007ff826a16000 	/System/Library/Frameworks/ImageIO.framework/Versions/A/Resources/libGIF.dylib
0x00007ff826237000 	/System/Library/Frameworks/ImageIO.framework/Versions/A/Resources/libJP2.dylib
0x00007ff825979000 	/usr/lib/libexpat.1.dylib
0x00007ff8261ec000 	/System/Library/PrivateFrameworks/AppleJPEG.framework/Versions/A/AppleJPEG
0x00007ff822aaf000 	/System/Library/PrivateFrameworks/FontServices.framework/libFontParser.dylib
0x00007ff820616000 	/System/Library/PrivateFrameworks/RunningBoardServices.framework/Versions/A/RunningBoardServices
0x00007ff831119000 	/System/Library/PrivateFrameworks/IOSurfaceAccelerator.framework/Versions/A/IOSurfaceAccelerator
0x00007ff82631a000 	/System/Library/PrivateFrameworks/WatchdogClient.framework/Versions/A/WatchdogClient
0x00007ff81b2ab000 	/System/Library/Frameworks/CoreDisplay.framework/Versions/A/CoreDisplay
0x00007ff8229af000 	/System/Library/Frameworks/CoreMedia.framework/Versions/A/CoreMedia
0x00007ff82284c000 	/System/Library/PrivateFrameworks/IOAccelerator.framework/Versions/A/IOAccelerator
0x00007ff821761000 	/System/Library/Frameworks/CoreVideo.framework/Versions/A/CoreVideo
0x00007ff824fca000 	/System/Library/Frameworks/MetalPerformanceShaders.framework/Versions/A/MetalPerformanceShaders
0x00007ff826355000 	/System/Library/Frameworks/VideoToolbox.framework/Versions/A/VideoToolbox
0x00007ff82055e000 	/System/Library/PrivateFrameworks/BaseBoard.framework/Versions/A/BaseBoard
0x00007ff8202eb000 	/System/Library/PrivateFrameworks/ProtocolBuffer.framework/Versions/A/ProtocolBuffer
0x00007ff8269a6000 	/System/Library/PrivateFrameworks/GPUWrangler.framework/Versions/A/GPUWrangler
0x00007ff826989000 	/System/Library/PrivateFrameworks/IOPresentment.framework/Versions/A/IOPresentment
0x00007ff8269b0000 	/System/Library/PrivateFrameworks/DSExternalDisplay.framework/Versions/A/DSExternalDisplay
0x00007ffa3195e000 	/System/Library/Frameworks/OpenGL.framework/Versions/A/Libraries/libCoreFSCache.dylib
0x00007ffb1da52000 	/System/Library/PrivateFrameworks/GPUCompiler.framework/Versions/31001/Libraries/libGPUCompilerUtils.dylib
0x00007ff826a1b000 	/System/Library/PrivateFrameworks/CMCaptureCore.framework/Versions/A/CMCaptureCore
0x00007ff825f25000 	/System/Library/PrivateFrameworks/AppServerSupport.framework/Versions/A/AppServerSupport
0x00007ff8280f6000 	/System/Library/PrivateFrameworks/perfdata.framework/Versions/A/perfdata
0x00007ff81b3d7000 	/System/Library/PrivateFrameworks/AudioToolboxCore.framework/Versions/A/AudioToolboxCore
0x00007ff82298c000 	/System/Library/PrivateFrameworks/caulk.framework/Versions/A/caulk
0x00007ff827a23000 	/usr/lib/libAudioStatistics.dylib
0x00007ff91ec68000 	/System/Library/PrivateFrameworks/SystemPolicy.framework/Versions/A/SystemPolicy
0x00007ff827c6f000 	/usr/lib/libSMC.dylib
0x00007ff830a5b000 	/System/Library/Frameworks/CoreMIDI.framework/Versions/A/CoreMIDI
0x00007ff8268d6000 	/usr/lib/libAudioToolboxUtility.dylib
0x00007ff91b0f0000 	/System/Library/PrivateFrameworks/OSAServicesClient.framework/Versions/A/OSAServicesClient
0x00007ff828103000 	/usr/lib/libperfcheck.dylib
0x00007ff91f6f4000 	/usr/lib/libmis.dylib
0x00007ffa319ba000 	/System/Library/Frameworks/OpenGL.framework/Versions/A/Libraries/libGLU.dylib
0x00007ffa3197d000 	/System/Library/Frameworks/OpenGL.framework/Versions/A/Libraries/libGFXShared.dylib
0x00007ffa31b8b000 	/System/Library/Frameworks/OpenGL.framework/Versions/A/Libraries/libGL.dylib
0x00007ffa31986000 	/System/Library/Frameworks/OpenGL.framework/Versions/A/Libraries/libGLImage.dylib
0x00007ffa3197a000 	/System/Library/Frameworks/OpenGL.framework/Versions/A/Libraries/libCVMSPluginSupport.dylib
0x00007ffa31965000 	/System/Library/Frameworks/OpenGL.framework/Versions/A/Libraries/libCoreVMClient.dylib
0x00007ff8234ea000 	/System/Library/Frameworks/MetalPerformanceShaders.framework/Versions/A/Frameworks/MPSCore.framework/Versions/A/MPSCore
0x00007ff824969000 	/System/Library/Frameworks/MetalPerformanceShaders.framework/Versions/A/Frameworks/MPSImage.framework/Versions/A/MPSImage
0x00007ff824420000 	/System/Library/Frameworks/MetalPerformanceShaders.framework/Versions/A/Frameworks/MPSNeuralNetwork.framework/Versions/A/MPSNeuralNetwork
0x00007ff824895000 	/System/Library/Frameworks/MetalPerformanceShaders.framework/Versions/A/Frameworks/MPSMatrix.framework/Versions/A/MPSMatrix
0x00007ff824651000 	/System/Library/Frameworks/MetalPerformanceShaders.framework/Versions/A/Frameworks/MPSRayIntersector.framework/Versions/A/MPSRayIntersector
0x00007ff8248ce000 	/System/Library/Frameworks/MetalPerformanceShaders.framework/Versions/A/Frameworks/MPSNDArray.framework/Versions/A/MPSNDArray
0x00007ffa36563000 	/System/Library/Frameworks/MetalPerformanceShaders.framework/Versions/A/Frameworks/MPSFunctions.framework/Versions/A/MPSFunctions
0x00007ff81a6d9000 	/System/Library/PrivateFrameworks/MetalTools.framework/Versions/A/MetalTools
0x00007ff823564000 	/System/Library/PrivateFrameworks/AggregateDictionary.framework/Versions/A/AggregateDictionary
0x00007ff82575b000 	/usr/lib/libIOReport.dylib
0x00007ffa32f9a000 	/System/Library/Frameworks/OpenCL.framework/Versions/A/OpenCL
0x00007ff825abf000 	/System/Library/PrivateFrameworks/FaceCore.framework/Versions/A/FaceCore
0x00007ff825ab0000 	/System/Library/PrivateFrameworks/GraphVisualizer.framework/Versions/A/GraphVisualizer
0x00007ffb1d95d000 	/System/Library/PrivateFrameworks/FontServices.framework/Versions/A/FontServices
0x00007ff825edc000 	/System/Library/PrivateFrameworks/OTSVG.framework/Versions/A/OTSVG
0x00007ff821349000 	/System/Library/Frameworks/ApplicationServices.framework/Versions/A/Frameworks/ATS.framework/Versions/A/Resources/libFontRegistry.dylib
0x00007ff825f2d000 	/System/Library/PrivateFrameworks/FontServices.framework/libhvf.dylib
0x00007ffb1d95e000 	/System/Library/PrivateFrameworks/FontServices.framework/libXTFontStaticRegistryData.dylib
0x00007ff825929000 	/System/Library/PrivateFrameworks/AppleVA.framework/Versions/A/AppleVA
0x00007ff827a43000 	/System/Library/Frameworks/ApplicationServices.framework/Versions/A/Frameworks/ATS.framework/Versions/A/ATS
0x00007ff81fa1c000 	/System/Library/Frameworks/ApplicationServices.framework/Versions/A/Frameworks/HIServices.framework/Versions/A/HIServices
0x00007ff826a25000 	/System/Library/Frameworks/ApplicationServices.framework/Versions/A/Frameworks/PrintCore.framework/Versions/A/PrintCore
0x00007ff827dc2000 	/System/Library/Frameworks/ApplicationServices.framework/Versions/A/Frameworks/QD.framework/Versions/A/QD
0x00007ff827dba000 	/System/Library/Frameworks/ApplicationServices.framework/Versions/A/Frameworks/ColorSyncLegacy.framework/Versions/A/ColorSyncLegacy
0x00007ff827a33000 	/System/Library/Frameworks/ApplicationServices.framework/Versions/A/Frameworks/SpeechSynthesis.framework/Versions/A/SpeechSynthesis
0x00007ff8269e6000 	/System/Library/Frameworks/ApplicationServices.framework/Versions/A/Frameworks/ATSUI.framework/Versions/A/ATSUI
0x00007ff827d4f000 	/usr/lib/libcups.2.dylib
0x00007ff828112000 	/System/Library/Frameworks/Kerberos.framework/Versions/A/Kerberos
0x00007ff828121000 	/System/Library/Frameworks/GSS.framework/Versions/A/GSS
0x00007ff827aaf000 	/usr/lib/libresolv.9.dylib
0x00007ff825f3c000 	/System/Library/PrivateFrameworks/Heimdal.framework/Versions/A/Heimdal
0x00007ff82ebc5000 	/System/Library/Frameworks/Kerberos.framework/Versions/A/Libraries/libHeimdalProxy.dylib
0x00007ff8206eb000 	/System/Library/Frameworks/Network.framework/Versions/A/Network
0x00007ff825993000 	/usr/lib/libheimdal-asn1.dylib
0x00007ff82816c000 	/System/Library/PrivateFrameworks/CommonAuth.framework/Versions/A/CommonAuth
0x00007ff8279b4000 	/System/Library/PrivateFrameworks/AudioSession.framework/Versions/A/AudioSession
0x00007ff825a23000 	/System/Library/PrivateFrameworks/MediaExperience.framework/Versions/A/MediaExperience
0x00007ff827848000 	/System/Library/PrivateFrameworks/AudioSession.framework/libSessionUtility.dylib
0x00007ff827dce000 	/System/Library/PrivateFrameworks/AudioResourceArbitration.framework/Versions/A/AudioResourceArbitration
0x00007ff82599c000 	/System/Library/PrivateFrameworks/IconFoundation.framework/Versions/A/IconFoundation
0x00007ff82aba8000 	/System/Library/PrivateFrameworks/SpeechRecognitionCore.framework/Versions/A/SpeechRecognitionCore
0x00000001072f0000 	/Library/Java/JavaVirtualMachines/jdk-11.0.12.jdk/Contents/Home/lib/server/libjvm.dylib
0x0000000106042000 	/Library/Java/JavaVirtualMachines/jdk-11.0.12.jdk/Contents/Home/lib/libverify.dylib
0x000000010607e000 	/Library/Java/JavaVirtualMachines/jdk-11.0.12.jdk/Contents/Home/lib/libjava.dylib
0x0000000106052000 	/Library/Java/JavaVirtualMachines/jdk-11.0.12.jdk/Contents/Home/lib/libjimage.dylib
0x00000001060e6000 	/Library/Java/JavaVirtualMachines/jdk-11.0.12.jdk/Contents/Home/lib/libjdwp.dylib
0x000000010606b000 	/Library/Java/JavaVirtualMachines/jdk-11.0.12.jdk/Contents/Home/lib/libzip.dylib
0x0000000106e39000 	/Library/Java/JavaVirtualMachines/jdk-11.0.12.jdk/Contents/Home/lib/libdt_socket.dylib
0x0000000106e55000 	/Library/Java/JavaVirtualMachines/jdk-11.0.12.jdk/Contents/Home/lib/libnio.dylib
0x0000000106e81000 	/Library/Java/JavaVirtualMachines/jdk-11.0.12.jdk/Contents/Home/lib/libnet.dylib
0x00000001060df000 	/Users/admin/.gradle/native/9f2fa17c089eee584f3420100432f77ec4c098959e4bf121a4d6054c26537dfb/osx-amd64/libnative-platform.dylib
0x0000000106e67000 	/Library/Java/JavaVirtualMachines/jdk-11.0.12.jdk/Contents/Home/lib/libmanagement.dylib
0x0000000106e71000 	/Library/Java/JavaVirtualMachines/jdk-11.0.12.jdk/Contents/Home/lib/libmanagement_ext.dylib
0x0000000106e43000 	/Library/Java/JavaVirtualMachines/jdk-11.0.12.jdk/Contents/Home/lib/libextnet.dylib
0x0000000107108000 	/Users/admin/.gradle/native/9f2fa17c089eee584f3420100432f77ec4c098959e4bf121a4d6054c26537dfb/osx-amd64/libnative-platform-file-events.dylib


VM Arguments:
jvm_args: -XX:MaxMetaspaceSize=256m -XX:+HeapDumpOnOutOfMemoryError -agentlib:jdwp=transport=dt_socket,server=n,suspend=y,address=127.0.0.1:52786 --add-opens=java.base/java.util=ALL-UNNAMED --add-opens=java.base/java.lang=ALL-UNNAMED --add-opens=java.base/java.lang.invoke=ALL-UNNAMED --add-opens=java.prefs/java.util.prefs=ALL-UNNAMED -Xms256m -Xmx512m -Dfile.encoding=UTF-8 -Duser.country=CO -Duser.language=es -Duser.variant 
java_command: org.gradle.launcher.daemon.bootstrap.GradleDaemon 6.6.1
java_class_path (initial): /Users/admin/.gradle/wrapper/dists/gradle-6.6.1-bin/du4tvj86lhti6iga1v8h7pckb/gradle-6.6.1/lib/gradle-launcher-6.6.1.jar
Launcher Type: SUN_STANDARD

[Global flags]
     intx CICompilerCount                          = 4                                         {product} {ergonomic}
   size_t CompressedClassSpaceSize                 = 260046848                                 {product} {ergonomic}
     uint ConcGCThreads                            = 2                                         {product} {ergonomic}
     uint G1ConcRefinementThreads                  = 8                                         {product} {ergonomic}
   size_t G1HeapRegionSize                         = 1048576                                   {product} {ergonomic}
    uintx GCDrainStackTargetSize                   = 64                                        {product} {ergonomic}
     bool HeapDumpOnOutOfMemoryError               = true                                   {manageable} {command line}
   size_t InitialHeapSize                          = 268435456                                 {product} {command line}
   size_t MarkStackSize                            = 4194304                                   {product} {ergonomic}
   size_t MaxHeapSize                              = 536870912                                 {product} {command line}
   size_t MaxMetaspaceSize                         = 268435456                                 {product} {command line}
   size_t MaxNewSize                               = 321912832                                 {product} {ergonomic}
   size_t MinHeapDeltaBytes                        = 1048576                                   {product} {ergonomic}
    uintx NonNMethodCodeHeapSize                   = 5836300                                {pd product} {ergonomic}
    uintx NonProfiledCodeHeapSize                  = 122910970                              {pd product} {ergonomic}
    uintx ProfiledCodeHeapSize                     = 122910970                              {pd product} {ergonomic}
    uintx ReservedCodeCacheSize                    = 251658240                              {pd product} {ergonomic}
     bool SegmentedCodeCache                       = true                                      {product} {ergonomic}
     bool UseCompressedClassPointers               = true                                 {lp64_product} {ergonomic}
     bool UseCompressedOops                        = true                                 {lp64_product} {ergonomic}
     bool UseG1GC                                  = true                                      {product} {ergonomic}

Logging:
Log output configuration:
 #0: stdout all=warning uptime,level,tags
 #1: stderr all=off uptime,level,tags

Environment Variables:
PATH=/usr/local/bin:/usr/bin:/bin:/usr/sbin:/sbin
SHELL=/bin/zsh

Signal Handlers:
SIGSEGV: [libjvm.dylib+0x79688e], sa_mask[0]=11111111011111110111111111111111, sa_flags=SA_ONSTACK|SA_RESTART|SA_SIGINFO
SIGBUS: [libjvm.dylib+0x79688e], sa_mask[0]=11111111011111110111111111111111, sa_flags=SA_RESTART|SA_SIGINFO
SIGFPE: [libjvm.dylib+0x79688e], sa_mask[0]=11111111011111110111111111111111, sa_flags=SA_RESTART|SA_SIGINFO
SIGPIPE: [libjvm.dylib+0x6488fa], sa_mask[0]=11111111011111110111111111111111, sa_flags=SA_RESTART|SA_SIGINFO
SIGXFSZ: [libjvm.dylib+0x6488fa], sa_mask[0]=11111111011111110111111111111111, sa_flags=SA_RESTART|SA_SIGINFO
SIGILL: [libjvm.dylib+0x79688e], sa_mask[0]=11111111011111110111111111111111, sa_flags=SA_RESTART|SA_SIGINFO
SIGUSR2: [libjvm.dylib+0x648ece], sa_mask[0]=00100000000000000000000000000000, sa_flags=SA_RESTART|SA_SIGINFO
SIGHUP: [libjvm.dylib+0x64798f], sa_mask[0]=11111111011111110111111111111111, sa_flags=SA_RESTART|SA_SIGINFO
SIGINT: [libjvm.dylib+0x64798f], sa_mask[0]=11111111011111110111111111111111, sa_flags=SA_RESTART|SA_SIGINFO
SIGTERM: [libjvm.dylib+0x64798f], sa_mask[0]=11111111011111110111111111111111, sa_flags=SA_RESTART|SA_SIGINFO
SIGQUIT: [libjvm.dylib+0x64798f], sa_mask[0]=11111111011111110111111111111111, sa_flags=SA_RESTART|SA_SIGINFO


---------------  S Y S T E M  ---------------

OS:uname:Darwin 21.1.0 Darwin Kernel Version 21.1.0: Wed Oct 13 17:33:23 PDT 2021; root:xnu-8019.41.5~1/RELEASE_X86_64 x86_64
rlimit: STACK 8192k, CORE 0k, NPROC 2784, NOFILE 10240, AS infinity, DATA infinity, FSIZE infinity
load average:5.59 4.53 3.61

CPU:total 8 (initial active 8) (4 cores per cpu, 2 threads per core) family 6 model 142 stepping 10 microcode 0xea, cmov, cx8, fxsr, mmx, sse, sse2, sse3, ssse3, sse4.1, sse4.2, popcnt, avx, avx2, aes, clmul, erms, 3dnowpref, lzcnt, ht, tsc, tscinvbit, bmi1, bmi2, adx, fma

Memory: 4k page, physical 16777216k(272956k free)

vm_info: Java HotSpot(TM) 64-Bit Server VM (11.0.12+8-LTS-237) for bsd-amd64 JRE (11.0.12+8-LTS-237), built on Jun  8 2021 10:26:22 by "mach5one" with gcc 4.2.1 Compatible Apple LLVM 11.0.0 (clang-1100.0.33.17)

END.
